<?xml version="1.0" ?>
<!DOCTYPE coverage SYSTEM "http://cobertura.sourceforge.net/xml/coverage-04.dtd">
<coverage lines-valid="210"  lines-covered="155"  line-rate="0.7381"  branches-valid="74"  branches-covered="43"  branch-rate="0.5811"  timestamp="1403717905636" complexity="0" version="0.1">
<sources>
	<source>/Users/Chris/Dropbox/Code/web/uxkit</source>
</sources>
<packages>
	<package name="toggle-switch"  line-rate="0.7381"  branch-rate="0.5811" >
	<classes>
		<class name="toggle-switch.js"  filename="dist/components/toggle-switch/toggle-switch.js"  line-rate="0.7381"  branch-rate="0.5811" >
		<methods>
			<method name="(anonymous_1)"  hits="1"  signature="()V" >
				<lines><line number="1"  hits="1" /></lines>
			</method>
			<method name="(anonymous_2)"  hits="1"  signature="()V" >
				<lines><line number="4"  hits="1" /></lines>
			</method>
			<method name="ToggleSwitch"  hits="51"  signature="()V" >
				<lines><line number="5"  hits="51" /></lines>
			</method>
			<method name="(anonymous_4)"  hits="1"  signature="()V" >
				<lines><line number="18"  hits="1" /></lines>
			</method>
			<method name="(anonymous_5)"  hits="0"  signature="()V" >
				<lines><line number="21"  hits="0" /></lines>
			</method>
			<method name="(anonymous_6)"  hits="80"  signature="()V" >
				<lines><line number="42"  hits="80" /></lines>
			</method>
			<method name="(anonymous_7)"  hits="31"  signature="()V" >
				<lines><line number="73"  hits="31" /></lines>
			</method>
			<method name="(anonymous_8)"  hits="2"  signature="()V" >
				<lines><line number="77"  hits="2" /></lines>
			</method>
			<method name="(anonymous_9)"  hits="0"  signature="()V" >
				<lines><line number="81"  hits="0" /></lines>
			</method>
			<method name="(anonymous_10)"  hits="9"  signature="()V" >
				<lines><line number="85"  hits="9" /></lines>
			</method>
			<method name="(anonymous_11)"  hits="1"  signature="()V" >
				<lines><line number="89"  hits="1" /></lines>
			</method>
			<method name="(anonymous_12)"  hits="2"  signature="()V" >
				<lines><line number="93"  hits="2" /></lines>
			</method>
			<method name="(anonymous_13)"  hits="0"  signature="()V" >
				<lines><line number="106"  hits="0" /></lines>
			</method>
			<method name="(anonymous_14)"  hits="3"  signature="()V" >
				<lines><line number="110"  hits="3" /></lines>
			</method>
			<method name="(anonymous_15)"  hits="14"  signature="()V" >
				<lines><line number="114"  hits="14" /></lines>
			</method>
			<method name="(anonymous_16)"  hits="1"  signature="()V" >
				<lines><line number="118"  hits="1" /></lines>
			</method>
			<method name="(anonymous_17)"  hits="3"  signature="()V" >
				<lines><line number="122"  hits="3" /></lines>
			</method>
			<method name="(anonymous_18)"  hits="4"  signature="()V" >
				<lines><line number="126"  hits="4" /></lines>
			</method>
			<method name="(anonymous_19)"  hits="0"  signature="()V" >
				<lines><line number="138"  hits="0" /></lines>
			</method>
			<method name="(anonymous_20)"  hits="0"  signature="()V" >
				<lines><line number="143"  hits="0" /></lines>
			</method>
			<method name="(anonymous_21)"  hits="0"  signature="()V" >
				<lines><line number="148"  hits="0" /></lines>
			</method>
			<method name="(anonymous_22)"  hits="0"  signature="()V" >
				<lines><line number="153"  hits="0" /></lines>
			</method>
			<method name="(anonymous_23)"  hits="0"  signature="()V" >
				<lines><line number="157"  hits="0" /></lines>
			</method>
			<method name="(anonymous_24)"  hits="0"  signature="()V" >
				<lines><line number="161"  hits="0" /></lines>
			</method>
			<method name="(anonymous_25)"  hits="0"  signature="()V" >
				<lines><line number="165"  hits="0" /></lines>
			</method>
			<method name="(anonymous_26)"  hits="0"  signature="()V" >
				<lines><line number="169"  hits="0" /></lines>
			</method>
			<method name="(anonymous_27)"  hits="1"  signature="()V" >
				<lines><line number="173"  hits="1" /></lines>
			</method>
			<method name="(anonymous_28)"  hits="0"  signature="()V" >
				<lines><line number="181"  hits="0" /></lines>
			</method>
			<method name="(anonymous_29)"  hits="0"  signature="()V" >
				<lines><line number="189"  hits="0" /></lines>
			</method>
			<method name="(anonymous_30)"  hits="0"  signature="()V" >
				<lines><line number="197"  hits="0" /></lines>
			</method>
			<method name="(anonymous_31)"  hits="0"  signature="()V" >
				<lines><line number="214"  hits="0" /></lines>
			</method>
			<method name="(anonymous_32)"  hits="0"  signature="()V" >
				<lines><line number="222"  hits="0" /></lines>
			</method>
			<method name="(anonymous_33)"  hits="2"  signature="()V" >
				<lines><line number="226"  hits="2" /></lines>
			</method>
			<method name="(anonymous_34)"  hits="7"  signature="()V" >
				<lines><line number="230"  hits="7" /></lines>
			</method>
			<method name="(anonymous_35)"  hits="2"  signature="()V" >
				<lines><line number="247"  hits="2" /></lines>
			</method>
			<method name="(anonymous_36)"  hits="0"  signature="()V" >
				<lines><line number="251"  hits="0" /></lines>
			</method>
			<method name="(anonymous_37)"  hits="28"  signature="()V" >
				<lines><line number="260"  hits="28" /></lines>
			</method>
			<method name="(anonymous_38)"  hits="1"  signature="()V" >
				<lines><line number="275"  hits="1" /></lines>
			</method>
			<method name="ToggleSwitchController"  hits="11"  signature="()V" >
				<lines><line number="276"  hits="11" /></lines>
			</method>
			<method name="(anonymous_40)"  hits="11"  signature="()V" >
				<lines><line number="279"  hits="11" /></lines>
			</method>
			<method name="(anonymous_41)"  hits="20"  signature="()V" >
				<lines><line number="286"  hits="20" /></lines>
			</method>
			<method name="(anonymous_42)"  hits="20"  signature="()V" >
				<lines><line number="296"  hits="20" /></lines>
			</method>
			<method name="(anonymous_43)"  hits="22"  signature="()V" >
				<lines><line number="300"  hits="22" /></lines>
			</method>
			<method name="(anonymous_44)"  hits="31"  signature="()V" >
				<lines><line number="304"  hits="31" /></lines>
			</method>
			<method name="(anonymous_45)"  hits="22"  signature="()V" >
				<lines><line number="314"  hits="22" /></lines>
			</method>
			<method name="(anonymous_46)"  hits="0"  signature="()V" >
				<lines><line number="318"  hits="0" /></lines>
			</method>
			<method name="(anonymous_47)"  hits="0"  signature="()V" >
				<lines><line number="322"  hits="0" /></lines>
			</method>
			<method name="(anonymous_48)"  hits="0"  signature="()V" >
				<lines><line number="323"  hits="0" /></lines>
			</method>
			<method name="(anonymous_49)"  hits="0"  signature="()V" >
				<lines><line number="328"  hits="0" /></lines>
			</method>
			<method name="(anonymous_50)"  hits="0"  signature="()V" >
				<lines><line number="332"  hits="0" /></lines>
			</method>
			<method name="(anonymous_51)"  hits="0"  signature="()V" >
				<lines><line number="333"  hits="0" /></lines>
			</method>
			<method name="(anonymous_52)"  hits="0"  signature="()V" >
				<lines><line number="338"  hits="0" /></lines>
			</method>
			<method name="(anonymous_53)"  hits="0"  signature="()V" >
				<lines><line number="342"  hits="0" /></lines>
			</method>
			<method name="(anonymous_54)"  hits="0"  signature="()V" >
				<lines><line number="343"  hits="0" /></lines>
			</method>
			<method name="(anonymous_55)"  hits="1"  signature="()V" >
				<lines><line number="348"  hits="1" /></lines>
			</method>
			<method name="(anonymous_56)"  hits="1"  signature="()V" >
				<lines><line number="349"  hits="1" /></lines>
			</method>
			<method name="(anonymous_57)"  hits="2"  signature="()V" >
				<lines><line number="354"  hits="2" /></lines>
			</method>
			<method name="(anonymous_58)"  hits="2"  signature="()V" >
				<lines><line number="355"  hits="2" /></lines>
			</method>
			<method name="(anonymous_59)"  hits="3"  signature="()V" >
				<lines><line number="360"  hits="3" /></lines>
			</method>
			<method name="(anonymous_60)"  hits="0"  signature="()V" >
				<lines><line number="364"  hits="0" /></lines>
			</method>
			<method name="(anonymous_61)"  hits="0"  signature="()V" >
				<lines><line number="369"  hits="0" /></lines>
			</method>
			<method name="(anonymous_62)"  hits="19"  signature="()V" >
				<lines><line number="379"  hits="19" /></lines>
			</method>
		</methods>
		<lines>
			<line number="1"  hits="1"  branch="false" />
			<line number="2"  hits="1"  branch="false" />
			<line number="4"  hits="1"  branch="false" />
			<line number="5"  hits="1"  branch="false" />
			<line number="6"  hits="51"  branch="false" />
			<line number="7"  hits="51"  branch="true"  condition-coverage="100% (2/2)" />
			<line number="8"  hits="31"  branch="false" />
			<line number="9"  hits="31"  branch="false" />
			<line number="10"  hits="31"  branch="false" />
			<line number="14"  hits="31"  branch="false" />
			<line number="15"  hits="31"  branch="false" />
			<line number="16"  hits="31"  branch="false" />
			<line number="17"  hits="31"  branch="false" />
			<line number="18"  hits="31"  branch="false" />
			<line number="19"  hits="1"  branch="false" />
			<line number="21"  hits="31"  branch="false" />
			<line number="22"  hits="0"  branch="true"  condition-coverage="0% (0/2)" />
			<line number="23"  hits="0"  branch="false" />
			<line number="24"  hits="0"  branch="false" />
			<line number="28"  hits="20"  branch="false" />
			<line number="40"  hits="20"  branch="false" />
			<line number="41"  hits="20"  branch="true"  condition-coverage="100% (2/2)" />
			<line number="42"  hits="20"  branch="false" />
			<line number="43"  hits="80"  branch="true"  condition-coverage="100% (3/3)" />
			<line number="45"  hits="40"  branch="false" />
			<line number="47"  hits="20"  branch="false" />
			<line number="49"  hits="20"  branch="false" />
			<line number="52"  hits="20"  branch="false" />
			<line number="53"  hits="20"  branch="true"  condition-coverage="100% (2/2)" />
			<line number="54"  hits="1"  branch="false" />
			<line number="56"  hits="20"  branch="true"  condition-coverage="100% (7/7)" />
			<line number="57"  hits="1"  branch="false" />
			<line number="59"  hits="20"  branch="false" />
			<line number="60"  hits="20"  branch="true"  condition-coverage="100% (2/2)" />
			<line number="61"  hits="4"  branch="true"  condition-coverage="100% (2/2)" />
			<line number="62"  hits="4"  branch="true"  condition-coverage="100% (2/2)" />
			<line number="63"  hits="2"  branch="false" />
			<line number="66"  hits="16"  branch="false" />
			<line number="68"  hits="20"  branch="false" />
			<line number="69"  hits="20"  branch="false" />
			<line number="73"  hits="1"  branch="false" />
			<line number="74"  hits="31"  branch="false" />
			<line number="77"  hits="1"  branch="false" />
			<line number="78"  hits="2"  branch="false" />
			<line number="81"  hits="1"  branch="false" />
			<line number="82"  hits="0"  branch="false" />
			<line number="85"  hits="1"  branch="false" />
			<line number="86"  hits="9"  branch="false" />
			<line number="89"  hits="1"  branch="false" />
			<line number="90"  hits="1"  branch="false" />
			<line number="93"  hits="1"  branch="false" />
			<line number="94"  hits="2"  branch="false" />
			<line number="95"  hits="2"  branch="false" />
			<line number="96"  hits="2"  branch="true"  condition-coverage="100% (4/4)" />
			<line number="97"  hits="1"  branch="false" />
			<line number="99"  hits="1"  branch="true"  condition-coverage="50% (1/2)" />
			<line number="100"  hits="1"  branch="false" />
			<line number="101"  hits="1"  branch="false" />
			<line number="103"  hits="1"  branch="false" />
			<line number="106"  hits="1"  branch="false" />
			<line number="107"  hits="0"  branch="false" />
			<line number="110"  hits="1"  branch="false" />
			<line number="111"  hits="3"  branch="false" />
			<line number="114"  hits="1"  branch="false" />
			<line number="115"  hits="14"  branch="false" />
			<line number="118"  hits="1"  branch="false" />
			<line number="119"  hits="1"  branch="false" />
			<line number="122"  hits="1"  branch="false" />
			<line number="123"  hits="3"  branch="false" />
			<line number="126"  hits="1"  branch="false" />
			<line number="127"  hits="4"  branch="false" />
			<line number="128"  hits="4"  branch="false" />
			<line number="129"  hits="4"  branch="true"  condition-coverage="50% (1/2)" />
			<line number="130"  hits="0"  branch="false" />
			<line number="132"  hits="4"  branch="true"  condition-coverage="50% (1/2)" />
			<line number="133"  hits="4"  branch="false" />
			<line number="135"  hits="4"  branch="false" />
			<line number="138"  hits="1"  branch="false" />
			<line number="139"  hits="0"  branch="false" />
			<line number="140"  hits="0"  branch="false" />
			<line number="143"  hits="1"  branch="false" />
			<line number="144"  hits="0"  branch="false" />
			<line number="145"  hits="0"  branch="false" />
			<line number="148"  hits="1"  branch="false" />
			<line number="149"  hits="0"  branch="false" />
			<line number="150"  hits="0"  branch="false" />
			<line number="153"  hits="1"  branch="false" />
			<line number="154"  hits="0"  branch="false" />
			<line number="157"  hits="1"  branch="false" />
			<line number="158"  hits="0"  branch="false" />
			<line number="161"  hits="1"  branch="false" />
			<line number="162"  hits="0"  branch="false" />
			<line number="165"  hits="1"  branch="false" />
			<line number="166"  hits="0"  branch="false" />
			<line number="169"  hits="1"  branch="false" />
			<line number="170"  hits="0"  branch="false" />
			<line number="173"  hits="1"  branch="false" />
			<line number="174"  hits="1"  branch="true"  condition-coverage="75% (3/4)" />
			<line number="175"  hits="1"  branch="false" />
			<line number="177"  hits="0"  branch="false" />
			<line number="181"  hits="1"  branch="false" />
			<line number="182"  hits="0"  branch="true"  condition-coverage="0% (0/4)" />
			<line number="183"  hits="0"  branch="false" />
			<line number="185"  hits="0"  branch="false" />
			<line number="189"  hits="1"  branch="false" />
			<line number="190"  hits="0"  branch="true"  condition-coverage="0% (0/4)" />
			<line number="191"  hits="0"  branch="false" />
			<line number="193"  hits="0"  branch="false" />
			<line number="197"  hits="1"  branch="false" />
			<line number="198"  hits="0"  branch="true"  condition-coverage="0% (0/2)" />
			<line number="199"  hits="0"  branch="true"  condition-coverage="0% (0/2)" />
			<line number="200"  hits="0"  branch="false" />
			<line number="202"  hits="0"  branch="false" />
			<line number="204"  hits="0"  branch="false" />
			<line number="206"  hits="0"  branch="true"  condition-coverage="0% (0/2)" />
			<line number="207"  hits="0"  branch="false" />
			<line number="209"  hits="0"  branch="false" />
			<line number="214"  hits="1"  branch="false" />
			<line number="215"  hits="0"  branch="true"  condition-coverage="0% (0/2)" />
			<line number="216"  hits="0"  branch="false" />
			<line number="218"  hits="0"  branch="false" />
			<line number="222"  hits="1"  branch="false" />
			<line number="223"  hits="0"  branch="false" />
			<line number="226"  hits="1"  branch="false" />
			<line number="227"  hits="2"  branch="false" />
			<line number="230"  hits="1"  branch="false" />
			<line number="231"  hits="7"  branch="true"  condition-coverage="100% (2/2)" />
			<line number="232"  hits="1"  branch="true"  condition-coverage="50% (1/2)" />
			<line number="233"  hits="1"  branch="false" />
			<line number="235"  hits="0"  branch="false" />
			<line number="237"  hits="1"  branch="false" />
			<line number="239"  hits="6"  branch="true"  condition-coverage="50% (1/2)" />
			<line number="240"  hits="0"  branch="false" />
			<line number="242"  hits="6"  branch="false" />
			<line number="247"  hits="1"  branch="false" />
			<line number="248"  hits="2"  branch="false" />
			<line number="251"  hits="1"  branch="false" />
			<line number="252"  hits="0"  branch="true"  condition-coverage="0% (0/4)" />
			<line number="253"  hits="0"  branch="false" />
			<line number="254"  hits="0"  branch="false" />
			<line number="256"  hits="0"  branch="false" />
			<line number="260"  hits="1"  branch="false" />
			<line number="261"  hits="28"  branch="true"  condition-coverage="100% (2/2)" />
			<line number="262"  hits="5"  branch="false" />
			<line number="263"  hits="5"  branch="false" />
			<line number="265"  hits="23"  branch="false" />
			<line number="269"  hits="1"  branch="false" />
			<line number="273"  hits="1"  branch="false" />
			<line number="275"  hits="1"  branch="false" />
			<line number="276"  hits="1"  branch="false" />
			<line number="277"  hits="11"  branch="false" />
			<line number="278"  hits="11"  branch="false" />
			<line number="279"  hits="11"  branch="false" />
			<line number="280"  hits="11"  branch="false" />
			<line number="282"  hits="11"  branch="false" />
			<line number="283"  hits="11"  branch="false" />
			<line number="286"  hits="1"  branch="false" />
			<line number="287"  hits="20"  branch="false" />
			<line number="288"  hits="20"  branch="true"  condition-coverage="100% (2/2)" />
			<line number="289"  hits="11"  branch="false" />
			<line number="291"  hits="20"  branch="false" />
			<line number="292"  hits="20"  branch="false" />
			<line number="293"  hits="20"  branch="false" />
			<line number="296"  hits="1"  branch="false" />
			<line number="297"  hits="20"  branch="false" />
			<line number="300"  hits="1"  branch="false" />
			<line number="301"  hits="22"  branch="false" />
			<line number="302"  hits="22"  branch="false" />
			<line number="303"  hits="22"  branch="false" />
			<line number="304"  hits="22"  branch="false" />
			<line number="305"  hits="31"  branch="true"  condition-coverage="50% (2/4)" />
			<line number="306"  hits="31"  branch="false" />
			<line number="308"  hits="0"  branch="false" />
			<line number="311"  hits="22"  branch="false" />
			<line number="314"  hits="1"  branch="false" />
			<line number="315"  hits="22"  branch="false" />
			<line number="318"  hits="1"  branch="false" />
			<line number="319"  hits="0"  branch="false" />
			<line number="322"  hits="1"  branch="false" />
			<line number="323"  hits="0"  branch="false" />
			<line number="324"  hits="0"  branch="false" />
			<line number="328"  hits="1"  branch="false" />
			<line number="329"  hits="0"  branch="false" />
			<line number="332"  hits="1"  branch="false" />
			<line number="333"  hits="0"  branch="false" />
			<line number="334"  hits="0"  branch="false" />
			<line number="338"  hits="1"  branch="false" />
			<line number="339"  hits="0"  branch="false" />
			<line number="342"  hits="1"  branch="false" />
			<line number="343"  hits="0"  branch="false" />
			<line number="344"  hits="0"  branch="false" />
			<line number="348"  hits="1"  branch="false" />
			<line number="349"  hits="1"  branch="false" />
			<line number="350"  hits="1"  branch="false" />
			<line number="354"  hits="1"  branch="false" />
			<line number="355"  hits="2"  branch="false" />
			<line number="356"  hits="2"  branch="false" />
			<line number="360"  hits="1"  branch="false" />
			<line number="361"  hits="3"  branch="true"  condition-coverage="50% (1/2)" />
			<line number="362"  hits="3"  branch="false" />
			<line number="364"  hits="0"  branch="false" />
			<line number="365"  hits="0"  branch="false" />
			<line number="369"  hits="1"  branch="false" />
			<line number="370"  hits="0"  branch="false" />
			<line number="373"  hits="1"  branch="false" />
			<line number="377"  hits="1"  branch="false" />
			<line number="379"  hits="1"  branch="false" />
			<line number="380"  hits="19"  branch="false" />
			<line number="383"  hits="1"  branch="false" />
			<line number="385"  hits="1"  branch="false" />
		</lines>
		</class>
	</classes>
	</package>
</packages>
</coverage>
