<?xml version="1.0" ?>
<!DOCTYPE coverage SYSTEM "http://cobertura.sourceforge.net/xml/coverage-04.dtd">
<coverage lines-valid="225"  lines-covered="188"  line-rate="0.8356"  branches-valid="80"  branches-covered="60"  branch-rate="0.75"  timestamp="1402966627516" complexity="0" version="0.1">
<sources>
	<source>/Users/Chris/Dropbox/Code/web/uxkit</source>
</sources>
<packages>
	<package name="toggle-switch"  line-rate="0.8356"  branch-rate="0.75" >
	<classes>
		<class name="toggle-switch.js"  filename="dist/components/toggle-switch/toggle-switch.js"  line-rate="0.8356"  branch-rate="0.75" >
		<methods>
			<method name="(anonymous_1)"  hits="1"  signature="()V" >
				<lines><line number="1"  hits="1" /></lines>
			</method>
			<method name="(anonymous_2)"  hits="1"  signature="()V" >
				<lines><line number="4"  hits="1" /></lines>
			</method>
			<method name="ToggleSwitch"  hits="45"  signature="()V" >
				<lines><line number="5"  hits="45" /></lines>
			</method>
			<method name="(anonymous_4)"  hits="16"  signature="()V" >
				<lines><line number="17"  hits="16" /></lines>
			</method>
			<method name="(anonymous_5)"  hits="0"  signature="()V" >
				<lines><line number="20"  hits="0" /></lines>
			</method>
			<method name="(anonymous_6)"  hits="43"  signature="()V" >
				<lines><line number="28"  hits="43" /></lines>
			</method>
			<method name="(anonymous_7)"  hits="21"  signature="()V" >
				<lines><line number="32"  hits="21" /></lines>
			</method>
			<method name="(anonymous_8)"  hits="6"  signature="()V" >
				<lines><line number="36"  hits="6" /></lines>
			</method>
			<method name="(anonymous_9)"  hits="9"  signature="()V" >
				<lines><line number="48"  hits="9" /></lines>
			</method>
			<method name="(anonymous_10)"  hits="15"  signature="()V" >
				<lines><line number="56"  hits="15" /></lines>
			</method>
			<method name="(anonymous_11)"  hits="0"  signature="()V" >
				<lines><line number="60"  hits="0" /></lines>
			</method>
			<method name="(anonymous_12)"  hits="56"  signature="()V" >
				<lines><line number="64"  hits="56" /></lines>
			</method>
			<method name="(anonymous_13)"  hits="22"  signature="()V" >
				<lines><line number="68"  hits="22" /></lines>
			</method>
			<method name="(anonymous_14)"  hits="15"  signature="()V" >
				<lines><line number="72"  hits="15" /></lines>
			</method>
			<method name="(anonymous_15)"  hits="0"  signature="()V" >
				<lines><line number="85"  hits="0" /></lines>
			</method>
			<method name="(anonymous_16)"  hits="3"  signature="()V" >
				<lines><line number="89"  hits="3" /></lines>
			</method>
			<method name="(anonymous_17)"  hits="27"  signature="()V" >
				<lines><line number="93"  hits="27" /></lines>
			</method>
			<method name="(anonymous_18)"  hits="1"  signature="()V" >
				<lines><line number="97"  hits="1" /></lines>
			</method>
			<method name="(anonymous_19)"  hits="3"  signature="()V" >
				<lines><line number="101"  hits="3" /></lines>
			</method>
			<method name="(anonymous_20)"  hits="4"  signature="()V" >
				<lines><line number="105"  hits="4" /></lines>
			</method>
			<method name="(anonymous_21)"  hits="2"  signature="()V" >
				<lines><line number="117"  hits="2" /></lines>
			</method>
			<method name="(anonymous_22)"  hits="0"  signature="()V" >
				<lines><line number="122"  hits="0" /></lines>
			</method>
			<method name="(anonymous_23)"  hits="0"  signature="()V" >
				<lines><line number="127"  hits="0" /></lines>
			</method>
			<method name="(anonymous_24)"  hits="0"  signature="()V" >
				<lines><line number="132"  hits="0" /></lines>
			</method>
			<method name="(anonymous_25)"  hits="0"  signature="()V" >
				<lines><line number="136"  hits="0" /></lines>
			</method>
			<method name="(anonymous_26)"  hits="0"  signature="()V" >
				<lines><line number="140"  hits="0" /></lines>
			</method>
			<method name="(anonymous_27)"  hits="0"  signature="()V" >
				<lines><line number="144"  hits="0" /></lines>
			</method>
			<method name="(anonymous_28)"  hits="0"  signature="()V" >
				<lines><line number="148"  hits="0" /></lines>
			</method>
			<method name="(anonymous_29)"  hits="14"  signature="()V" >
				<lines><line number="152"  hits="14" /></lines>
			</method>
			<method name="(anonymous_30)"  hits="6"  signature="()V" >
				<lines><line number="160"  hits="6" /></lines>
			</method>
			<method name="(anonymous_31)"  hits="6"  signature="()V" >
				<lines><line number="168"  hits="6" /></lines>
			</method>
			<method name="(anonymous_32)"  hits="30"  signature="()V" >
				<lines><line number="176"  hits="30" /></lines>
			</method>
			<method name="(anonymous_33)"  hits="3"  signature="()V" >
				<lines><line number="193"  hits="3" /></lines>
			</method>
			<method name="(anonymous_34)"  hits="0"  signature="()V" >
				<lines><line number="201"  hits="0" /></lines>
			</method>
			<method name="(anonymous_35)"  hits="2"  signature="()V" >
				<lines><line number="205"  hits="2" /></lines>
			</method>
			<method name="(anonymous_36)"  hits="22"  signature="()V" >
				<lines><line number="209"  hits="22" /></lines>
			</method>
			<method name="(anonymous_37)"  hits="2"  signature="()V" >
				<lines><line number="226"  hits="2" /></lines>
			</method>
			<method name="(anonymous_38)"  hits="0"  signature="()V" >
				<lines><line number="230"  hits="0" /></lines>
			</method>
			<method name="(anonymous_39)"  hits="101"  signature="()V" >
				<lines><line number="239"  hits="101" /></lines>
			</method>
			<method name="(anonymous_40)"  hits="1"  signature="()V" >
				<lines><line number="254"  hits="1" /></lines>
			</method>
			<method name="ToggleSwitchController"  hits="16"  signature="()V" >
				<lines><line number="255"  hits="16" /></lines>
			</method>
			<method name="(anonymous_42)"  hits="16"  signature="()V" >
				<lines><line number="258"  hits="16" /></lines>
			</method>
			<method name="(anonymous_43)"  hits="27"  signature="()V" >
				<lines><line number="265"  hits="27" /></lines>
			</method>
			<method name="(anonymous_44)"  hits="108"  signature="()V" >
				<lines><line number="286"  hits="108" /></lines>
			</method>
			<method name="(anonymous_45)"  hits="27"  signature="()V" >
				<lines><line number="323"  hits="27" /></lines>
			</method>
			<method name="(anonymous_46)"  hits="32"  signature="()V" >
				<lines><line number="327"  hits="32" /></lines>
			</method>
			<method name="(anonymous_47)"  hits="43"  signature="()V" >
				<lines><line number="331"  hits="43" /></lines>
			</method>
			<method name="(anonymous_48)"  hits="32"  signature="()V" >
				<lines><line number="341"  hits="32" /></lines>
			</method>
			<method name="(anonymous_49)"  hits="0"  signature="()V" >
				<lines><line number="345"  hits="0" /></lines>
			</method>
			<method name="(anonymous_50)"  hits="0"  signature="()V" >
				<lines><line number="349"  hits="0" /></lines>
			</method>
			<method name="(anonymous_51)"  hits="0"  signature="()V" >
				<lines><line number="350"  hits="0" /></lines>
			</method>
			<method name="(anonymous_52)"  hits="0"  signature="()V" >
				<lines><line number="355"  hits="0" /></lines>
			</method>
			<method name="(anonymous_53)"  hits="0"  signature="()V" >
				<lines><line number="359"  hits="0" /></lines>
			</method>
			<method name="(anonymous_54)"  hits="0"  signature="()V" >
				<lines><line number="360"  hits="0" /></lines>
			</method>
			<method name="(anonymous_55)"  hits="0"  signature="()V" >
				<lines><line number="365"  hits="0" /></lines>
			</method>
			<method name="(anonymous_56)"  hits="4"  signature="()V" >
				<lines><line number="369"  hits="4" /></lines>
			</method>
			<method name="(anonymous_57)"  hits="5"  signature="()V" >
				<lines><line number="370"  hits="5" /></lines>
			</method>
			<method name="(anonymous_58)"  hits="1"  signature="()V" >
				<lines><line number="375"  hits="1" /></lines>
			</method>
			<method name="(anonymous_59)"  hits="1"  signature="()V" >
				<lines><line number="376"  hits="1" /></lines>
			</method>
			<method name="(anonymous_60)"  hits="2"  signature="()V" >
				<lines><line number="381"  hits="2" /></lines>
			</method>
			<method name="(anonymous_61)"  hits="2"  signature="()V" >
				<lines><line number="382"  hits="2" /></lines>
			</method>
			<method name="(anonymous_62)"  hits="7"  signature="()V" >
				<lines><line number="387"  hits="7" /></lines>
			</method>
			<method name="(anonymous_63)"  hits="3"  signature="()V" >
				<lines><line number="391"  hits="3" /></lines>
			</method>
			<method name="(anonymous_64)"  hits="26"  signature="()V" >
				<lines><line number="396"  hits="26" /></lines>
			</method>
		</methods>
		<lines>
			<line number="1"  hits="1"  branch="false" />
			<line number="2"  hits="1"  branch="false" />
			<line number="4"  hits="1"  branch="false" />
			<line number="5"  hits="1"  branch="false" />
			<line number="6"  hits="45"  branch="false" />
			<line number="7"  hits="45"  branch="false" />
			<line number="8"  hits="45"  branch="false" />
			<line number="9"  hits="45"  branch="false" />
			<line number="13"  hits="45"  branch="false" />
			<line number="14"  hits="45"  branch="false" />
			<line number="15"  hits="45"  branch="false" />
			<line number="16"  hits="45"  branch="false" />
			<line number="17"  hits="45"  branch="false" />
			<line number="18"  hits="16"  branch="false" />
			<line number="20"  hits="45"  branch="false" />
			<line number="21"  hits="0"  branch="true"  condition-coverage="0% (0/2)" />
			<line number="22"  hits="0"  branch="false" />
			<line number="23"  hits="0"  branch="false" />
			<line number="28"  hits="1"  branch="false" />
			<line number="29"  hits="43"  branch="false" />
			<line number="32"  hits="1"  branch="false" />
			<line number="33"  hits="21"  branch="false" />
			<line number="36"  hits="1"  branch="false" />
			<line number="37"  hits="6"  branch="false" />
			<line number="38"  hits="6"  branch="false" />
			<line number="39"  hits="6"  branch="true"  condition-coverage="100% (2/2)" />
			<line number="40"  hits="4"  branch="false" />
			<line number="42"  hits="2"  branch="false" />
			<line number="43"  hits="2"  branch="false" />
			<line number="44"  hits="2"  branch="false" />
			<line number="45"  hits="2"  branch="false" />
			<line number="47"  hits="6"  branch="false" />
			<line number="48"  hits="6"  branch="false" />
			<line number="49"  hits="9"  branch="false" />
			<line number="50"  hits="9"  branch="false" />
			<line number="51"  hits="9"  branch="false" />
			<line number="52"  hits="9"  branch="true"  condition-coverage="100% (2/2)" />
			<line number="56"  hits="1"  branch="false" />
			<line number="57"  hits="15"  branch="false" />
			<line number="60"  hits="1"  branch="false" />
			<line number="61"  hits="0"  branch="false" />
			<line number="64"  hits="1"  branch="false" />
			<line number="65"  hits="56"  branch="false" />
			<line number="68"  hits="1"  branch="false" />
			<line number="69"  hits="22"  branch="false" />
			<line number="72"  hits="1"  branch="false" />
			<line number="73"  hits="15"  branch="false" />
			<line number="74"  hits="15"  branch="false" />
			<line number="75"  hits="15"  branch="true"  condition-coverage="100% (4/4)" />
			<line number="76"  hits="1"  branch="false" />
			<line number="78"  hits="14"  branch="true"  condition-coverage="50% (1/2)" />
			<line number="79"  hits="14"  branch="false" />
			<line number="80"  hits="14"  branch="false" />
			<line number="82"  hits="14"  branch="false" />
			<line number="85"  hits="1"  branch="false" />
			<line number="86"  hits="0"  branch="false" />
			<line number="89"  hits="1"  branch="false" />
			<line number="90"  hits="3"  branch="false" />
			<line number="93"  hits="1"  branch="false" />
			<line number="94"  hits="27"  branch="false" />
			<line number="97"  hits="1"  branch="false" />
			<line number="98"  hits="1"  branch="false" />
			<line number="101"  hits="1"  branch="false" />
			<line number="102"  hits="3"  branch="false" />
			<line number="105"  hits="1"  branch="false" />
			<line number="106"  hits="4"  branch="false" />
			<line number="107"  hits="4"  branch="false" />
			<line number="108"  hits="4"  branch="true"  condition-coverage="50% (1/2)" />
			<line number="109"  hits="0"  branch="false" />
			<line number="111"  hits="4"  branch="true"  condition-coverage="50% (1/2)" />
			<line number="112"  hits="4"  branch="false" />
			<line number="114"  hits="4"  branch="false" />
			<line number="117"  hits="1"  branch="false" />
			<line number="118"  hits="2"  branch="false" />
			<line number="119"  hits="2"  branch="false" />
			<line number="122"  hits="1"  branch="false" />
			<line number="123"  hits="0"  branch="false" />
			<line number="124"  hits="0"  branch="false" />
			<line number="127"  hits="1"  branch="false" />
			<line number="128"  hits="0"  branch="false" />
			<line number="129"  hits="0"  branch="false" />
			<line number="132"  hits="1"  branch="false" />
			<line number="133"  hits="0"  branch="false" />
			<line number="136"  hits="1"  branch="false" />
			<line number="137"  hits="0"  branch="false" />
			<line number="140"  hits="1"  branch="false" />
			<line number="141"  hits="0"  branch="false" />
			<line number="144"  hits="1"  branch="false" />
			<line number="145"  hits="0"  branch="false" />
			<line number="148"  hits="1"  branch="false" />
			<line number="149"  hits="0"  branch="false" />
			<line number="152"  hits="1"  branch="false" />
			<line number="153"  hits="14"  branch="true"  condition-coverage="75% (3/4)" />
			<line number="154"  hits="14"  branch="false" />
			<line number="156"  hits="0"  branch="false" />
			<line number="160"  hits="1"  branch="false" />
			<line number="161"  hits="6"  branch="true"  condition-coverage="75% (3/4)" />
			<line number="162"  hits="6"  branch="false" />
			<line number="164"  hits="0"  branch="false" />
			<line number="168"  hits="1"  branch="false" />
			<line number="169"  hits="6"  branch="true"  condition-coverage="75% (3/4)" />
			<line number="170"  hits="6"  branch="false" />
			<line number="172"  hits="0"  branch="false" />
			<line number="176"  hits="1"  branch="false" />
			<line number="177"  hits="30"  branch="true"  condition-coverage="100% (2/2)" />
			<line number="178"  hits="9"  branch="true"  condition-coverage="50% (1/2)" />
			<line number="179"  hits="0"  branch="false" />
			<line number="181"  hits="9"  branch="false" />
			<line number="183"  hits="9"  branch="false" />
			<line number="185"  hits="21"  branch="true"  condition-coverage="50% (1/2)" />
			<line number="186"  hits="0"  branch="false" />
			<line number="188"  hits="21"  branch="false" />
			<line number="193"  hits="1"  branch="false" />
			<line number="194"  hits="3"  branch="true"  condition-coverage="50% (1/2)" />
			<line number="195"  hits="0"  branch="false" />
			<line number="197"  hits="3"  branch="false" />
			<line number="201"  hits="1"  branch="false" />
			<line number="202"  hits="0"  branch="false" />
			<line number="205"  hits="1"  branch="false" />
			<line number="206"  hits="2"  branch="false" />
			<line number="209"  hits="1"  branch="false" />
			<line number="210"  hits="22"  branch="true"  condition-coverage="100% (2/2)" />
			<line number="211"  hits="16"  branch="true"  condition-coverage="50% (1/2)" />
			<line number="212"  hits="16"  branch="false" />
			<line number="214"  hits="0"  branch="false" />
			<line number="216"  hits="16"  branch="false" />
			<line number="218"  hits="6"  branch="true"  condition-coverage="50% (1/2)" />
			<line number="219"  hits="0"  branch="false" />
			<line number="221"  hits="6"  branch="false" />
			<line number="226"  hits="1"  branch="false" />
			<line number="227"  hits="2"  branch="false" />
			<line number="230"  hits="1"  branch="false" />
			<line number="231"  hits="0"  branch="true"  condition-coverage="0% (0/4)" />
			<line number="232"  hits="0"  branch="false" />
			<line number="233"  hits="0"  branch="false" />
			<line number="235"  hits="0"  branch="false" />
			<line number="239"  hits="1"  branch="false" />
			<line number="240"  hits="101"  branch="true"  condition-coverage="100% (2/2)" />
			<line number="241"  hits="18"  branch="false" />
			<line number="242"  hits="18"  branch="false" />
			<line number="244"  hits="83"  branch="false" />
			<line number="248"  hits="1"  branch="false" />
			<line number="252"  hits="1"  branch="false" />
			<line number="254"  hits="1"  branch="false" />
			<line number="255"  hits="1"  branch="false" />
			<line number="256"  hits="16"  branch="false" />
			<line number="257"  hits="16"  branch="false" />
			<line number="258"  hits="16"  branch="false" />
			<line number="259"  hits="16"  branch="false" />
			<line number="261"  hits="16"  branch="false" />
			<line number="262"  hits="16"  branch="false" />
			<line number="265"  hits="1"  branch="false" />
			<line number="266"  hits="27"  branch="false" />
			<line number="267"  hits="27"  branch="true"  condition-coverage="100% (2/2)" />
			<line number="268"  hits="17"  branch="false" />
			<line number="270"  hits="27"  branch="false" />
			<line number="284"  hits="27"  branch="false" />
			<line number="285"  hits="27"  branch="true"  condition-coverage="100% (2/2)" />
			<line number="286"  hits="27"  branch="false" />
			<line number="287"  hits="108"  branch="true"  condition-coverage="100% (3/3)" />
			<line number="289"  hits="54"  branch="false" />
			<line number="291"  hits="27"  branch="false" />
			<line number="293"  hits="27"  branch="false" />
			<line number="296"  hits="27"  branch="false" />
			<line number="297"  hits="27"  branch="true"  condition-coverage="100% (2/2)" />
			<line number="298"  hits="1"  branch="false" />
			<line number="300"  hits="27"  branch="true"  condition-coverage="100% (7/7)" />
			<line number="301"  hits="1"  branch="false" />
			<line number="303"  hits="27"  branch="true"  condition-coverage="100% (2/2)" />
			<line number="304"  hits="1"  branch="false" />
			<line number="306"  hits="27"  branch="false" />
			<line number="307"  hits="27"  branch="true"  condition-coverage="50% (1/2)" />
			<line number="308"  hits="0"  branch="false" />
			<line number="310"  hits="27"  branch="false" />
			<line number="311"  hits="27"  branch="true"  condition-coverage="100% (2/2)" />
			<line number="312"  hits="4"  branch="true"  condition-coverage="100% (2/2)" />
			<line number="313"  hits="4"  branch="true"  condition-coverage="100% (2/2)" />
			<line number="314"  hits="2"  branch="false" />
			<line number="317"  hits="23"  branch="false" />
			<line number="319"  hits="27"  branch="false" />
			<line number="320"  hits="27"  branch="false" />
			<line number="323"  hits="1"  branch="false" />
			<line number="324"  hits="27"  branch="false" />
			<line number="327"  hits="1"  branch="false" />
			<line number="328"  hits="32"  branch="false" />
			<line number="329"  hits="32"  branch="false" />
			<line number="330"  hits="32"  branch="false" />
			<line number="331"  hits="32"  branch="false" />
			<line number="332"  hits="43"  branch="true"  condition-coverage="50% (2/4)" />
			<line number="333"  hits="43"  branch="false" />
			<line number="335"  hits="0"  branch="false" />
			<line number="338"  hits="32"  branch="false" />
			<line number="341"  hits="1"  branch="false" />
			<line number="342"  hits="32"  branch="false" />
			<line number="345"  hits="1"  branch="false" />
			<line number="346"  hits="0"  branch="false" />
			<line number="349"  hits="1"  branch="false" />
			<line number="350"  hits="0"  branch="false" />
			<line number="351"  hits="0"  branch="false" />
			<line number="355"  hits="1"  branch="false" />
			<line number="356"  hits="0"  branch="false" />
			<line number="359"  hits="1"  branch="false" />
			<line number="360"  hits="0"  branch="false" />
			<line number="361"  hits="0"  branch="false" />
			<line number="365"  hits="1"  branch="false" />
			<line number="366"  hits="0"  branch="false" />
			<line number="369"  hits="1"  branch="false" />
			<line number="370"  hits="4"  branch="false" />
			<line number="371"  hits="5"  branch="false" />
			<line number="375"  hits="1"  branch="false" />
			<line number="376"  hits="1"  branch="false" />
			<line number="377"  hits="1"  branch="false" />
			<line number="381"  hits="1"  branch="false" />
			<line number="382"  hits="2"  branch="false" />
			<line number="383"  hits="2"  branch="false" />
			<line number="387"  hits="1"  branch="false" />
			<line number="388"  hits="7"  branch="true"  condition-coverage="100% (2/2)" />
			<line number="389"  hits="6"  branch="false" />
			<line number="391"  hits="1"  branch="false" />
			<line number="392"  hits="3"  branch="false" />
			<line number="396"  hits="1"  branch="false" />
			<line number="397"  hits="26"  branch="false" />
			<line number="400"  hits="1"  branch="false" />
			<line number="404"  hits="1"  branch="false" />
			<line number="406"  hits="1"  branch="false" />
		</lines>
		</class>
	</classes>
	</package>
</packages>
</coverage>
