{"dist/components/toggle-switch/toggle-switch.js":{"path":"dist/components/toggle-switch/toggle-switch.js","s":{"1":1,"2":1,"3":1,"4":1,"5":45,"6":45,"7":45,"8":45,"9":45,"10":45,"11":45,"12":45,"13":45,"14":16,"15":45,"16":0,"17":0,"18":0,"19":1,"20":43,"21":1,"22":21,"23":1,"24":6,"25":6,"26":6,"27":4,"28":2,"29":2,"30":2,"31":2,"32":6,"33":6,"34":9,"35":9,"36":9,"37":9,"38":1,"39":15,"40":1,"41":0,"42":1,"43":56,"44":1,"45":22,"46":1,"47":15,"48":15,"49":15,"50":1,"51":14,"52":14,"53":14,"54":14,"55":1,"56":0,"57":1,"58":3,"59":1,"60":27,"61":1,"62":1,"63":1,"64":3,"65":1,"66":4,"67":4,"68":4,"69":0,"70":4,"71":4,"72":4,"73":1,"74":2,"75":2,"76":1,"77":0,"78":0,"79":1,"80":0,"81":0,"82":1,"83":0,"84":1,"85":0,"86":1,"87":0,"88":1,"89":0,"90":1,"91":0,"92":1,"93":14,"94":14,"95":0,"96":1,"97":6,"98":6,"99":0,"100":1,"101":6,"102":6,"103":0,"104":1,"105":30,"106":9,"107":0,"108":9,"109":9,"110":21,"111":0,"112":21,"113":1,"114":3,"115":0,"116":3,"117":1,"118":0,"119":1,"120":2,"121":1,"122":22,"123":16,"124":16,"125":0,"126":16,"127":6,"128":0,"129":6,"130":1,"131":2,"132":1,"133":0,"134":0,"135":0,"136":0,"137":1,"138":101,"139":18,"140":18,"141":83,"142":1,"143":1,"144":1,"145":1,"146":16,"147":16,"148":16,"149":16,"150":16,"151":16,"152":1,"153":27,"154":27,"155":17,"156":27,"157":27,"158":27,"159":27,"160":108,"161":54,"162":27,"163":27,"164":27,"165":27,"166":1,"167":27,"168":1,"169":27,"170":1,"171":27,"172":27,"173":0,"174":27,"175":27,"176":4,"177":4,"178":2,"179":23,"180":27,"181":27,"182":1,"183":27,"184":1,"185":32,"186":32,"187":32,"188":32,"189":43,"190":43,"191":0,"192":32,"193":1,"194":32,"195":1,"196":0,"197":1,"198":0,"199":0,"200":1,"201":0,"202":1,"203":0,"204":0,"205":1,"206":0,"207":1,"208":4,"209":5,"210":1,"211":1,"212":1,"213":1,"214":2,"215":2,"216":1,"217":7,"218":6,"219":1,"220":3,"221":1,"222":26,"223":1,"224":1,"225":1},"b":{"1":[0,0],"2":[4,2],"3":[6,3],"4":[1,14],"5":[15,14],"6":[14,0],"7":[0,4],"8":[4,0],"9":[14,0],"10":[14,14],"11":[6,0],"12":[6,6],"13":[6,0],"14":[6,6],"15":[9,21],"16":[0,9],"17":[0,21],"18":[0,3],"19":[16,6],"20":[16,0],"21":[0,6],"22":[0,0],"23":[0,0],"24":[18,83],"25":[17,10],"26":[1,26],"27":[54,27,27],"28":[1,26],"29":[1,26],"30":[27,26,26,26,26],"31":[1,26],"32":[0,27],"33":[4,23],"34":[2,2],"35":[2,2],"36":[43,0],"37":[43,0],"38":[6,1]},"f":{"1":1,"2":1,"3":45,"4":16,"5":0,"6":43,"7":21,"8":6,"9":9,"10":15,"11":0,"12":56,"13":22,"14":15,"15":0,"16":3,"17":27,"18":1,"19":3,"20":4,"21":2,"22":0,"23":0,"24":0,"25":0,"26":0,"27":0,"28":0,"29":14,"30":6,"31":6,"32":30,"33":3,"34":0,"35":2,"36":22,"37":2,"38":0,"39":101,"40":1,"41":16,"42":16,"43":27,"44":108,"45":27,"46":32,"47":43,"48":32,"49":0,"50":0,"51":0,"52":0,"53":0,"54":0,"55":0,"56":4,"57":5,"58":1,"59":1,"60":2,"61":2,"62":7,"63":3,"64":26},"fnMap":{"1":{"name":"(anonymous_1)","line":1,"loc":{"start":{"line":1,"column":1},"end":{"line":1,"column":12}}},"2":{"name":"(anonymous_2)","line":4,"loc":{"start":{"line":4,"column":18},"end":{"line":4,"column":29}}},"3":{"name":"ToggleSwitch","line":5,"loc":{"start":{"line":5,"column":4},"end":{"line":5,"column":35}}},"4":{"name":"(anonymous_4)","line":17,"loc":{"start":{"line":17,"column":26},"end":{"line":17,"column":37}}},"5":{"name":"(anonymous_5)","line":20,"loc":{"start":{"line":20,"column":29},"end":{"line":20,"column":45}}},"6":{"name":"(anonymous_6)","line":28,"loc":{"start":{"line":28,"column":36},"end":{"line":28,"column":47}}},"7":{"name":"(anonymous_7)","line":32,"loc":{"start":{"line":32,"column":35},"end":{"line":32,"column":46}}},"8":{"name":"(anonymous_8)","line":36,"loc":{"start":{"line":36,"column":44},"end":{"line":36,"column":60}}},"9":{"name":"(anonymous_9)","line":48,"loc":{"start":{"line":48,"column":43},"end":{"line":48,"column":54}}},"10":{"name":"(anonymous_10)","line":56,"loc":{"start":{"line":56,"column":36},"end":{"line":56,"column":47}}},"11":{"name":"(anonymous_11)","line":60,"loc":{"start":{"line":60,"column":35},"end":{"line":60,"column":46}}},"12":{"name":"(anonymous_12)","line":64,"loc":{"start":{"line":64,"column":35},"end":{"line":64,"column":46}}},"13":{"name":"(anonymous_13)","line":68,"loc":{"start":{"line":68,"column":37},"end":{"line":68,"column":48}}},"14":{"name":"(anonymous_14)","line":72,"loc":{"start":{"line":72,"column":38},"end":{"line":72,"column":54}}},"15":{"name":"(anonymous_15)","line":85,"loc":{"start":{"line":85,"column":40},"end":{"line":85,"column":56}}},"16":{"name":"(anonymous_16)","line":89,"loc":{"start":{"line":89,"column":37},"end":{"line":89,"column":48}}},"17":{"name":"(anonymous_17)","line":93,"loc":{"start":{"line":93,"column":38},"end":{"line":93,"column":49}}},"18":{"name":"(anonymous_18)","line":97,"loc":{"start":{"line":97,"column":36},"end":{"line":97,"column":47}}},"19":{"name":"(anonymous_19)","line":101,"loc":{"start":{"line":101,"column":37},"end":{"line":101,"column":48}}},"20":{"name":"(anonymous_20)","line":105,"loc":{"start":{"line":105,"column":41},"end":{"line":105,"column":60}}},"21":{"name":"(anonymous_21)","line":117,"loc":{"start":{"line":117,"column":38},"end":{"line":117,"column":59}}},"22":{"name":"(anonymous_22)","line":122,"loc":{"start":{"line":122,"column":41},"end":{"line":122,"column":62}}},"23":{"name":"(anonymous_23)","line":127,"loc":{"start":{"line":127,"column":41},"end":{"line":127,"column":62}}},"24":{"name":"(anonymous_24)","line":132,"loc":{"start":{"line":132,"column":38},"end":{"line":132,"column":58}}},"25":{"name":"(anonymous_25)","line":136,"loc":{"start":{"line":136,"column":34},"end":{"line":136,"column":48}}},"26":{"name":"(anonymous_26)","line":140,"loc":{"start":{"line":140,"column":37},"end":{"line":140,"column":51}}},"27":{"name":"(anonymous_27)","line":144,"loc":{"start":{"line":144,"column":38},"end":{"line":144,"column":52}}},"28":{"name":"(anonymous_28)","line":148,"loc":{"start":{"line":148,"column":36},"end":{"line":148,"column":50}}},"29":{"name":"(anonymous_29)","line":152,"loc":{"start":{"line":152,"column":37},"end":{"line":152,"column":53}}},"30":{"name":"(anonymous_30)","line":160,"loc":{"start":{"line":160,"column":32},"end":{"line":160,"column":73}}},"31":{"name":"(anonymous_31)","line":168,"loc":{"start":{"line":168,"column":33},"end":{"line":168,"column":68}}},"32":{"name":"(anonymous_32)","line":176,"loc":{"start":{"line":176,"column":33},"end":{"line":176,"column":54}}},"33":{"name":"(anonymous_33)","line":193,"loc":{"start":{"line":193,"column":32},"end":{"line":193,"column":46}}},"34":{"name":"(anonymous_34)","line":201,"loc":{"start":{"line":201,"column":34},"end":{"line":201,"column":45}}},"35":{"name":"(anonymous_35)","line":205,"loc":{"start":{"line":205,"column":34},"end":{"line":205,"column":45}}},"36":{"name":"(anonymous_36)","line":209,"loc":{"start":{"line":209,"column":34},"end":{"line":209,"column":61}}},"37":{"name":"(anonymous_37)","line":226,"loc":{"start":{"line":226,"column":34},"end":{"line":226,"column":45}}},"38":{"name":"(anonymous_38)","line":230,"loc":{"start":{"line":230,"column":34},"end":{"line":230,"column":55}}},"39":{"name":"(anonymous_39)","line":239,"loc":{"start":{"line":239,"column":34},"end":{"line":239,"column":58}}},"40":{"name":"(anonymous_40)","line":254,"loc":{"start":{"line":254,"column":28},"end":{"line":254,"column":39}}},"41":{"name":"ToggleSwitchController","line":255,"loc":{"start":{"line":255,"column":4},"end":{"line":255,"column":38}}},"42":{"name":"(anonymous_42)","line":258,"loc":{"start":{"line":258,"column":31},"end":{"line":258,"column":42}}},"43":{"name":"(anonymous_43)","line":265,"loc":{"start":{"line":265,"column":55},"end":{"line":265,"column":73}}},"44":{"name":"(anonymous_44)","line":286,"loc":{"start":{"line":286,"column":76},"end":{"line":286,"column":92}}},"45":{"name":"(anonymous_45)","line":323,"loc":{"start":{"line":323,"column":43},"end":{"line":323,"column":61}}},"46":{"name":"(anonymous_46)","line":327,"loc":{"start":{"line":327,"column":60},"end":{"line":327,"column":74}}},"47":{"name":"(anonymous_47)","line":331,"loc":{"start":{"line":331,"column":34},"end":{"line":331,"column":58}}},"48":{"name":"(anonymous_48)","line":341,"loc":{"start":{"line":341,"column":46},"end":{"line":341,"column":60}}},"49":{"name":"(anonymous_49)","line":345,"loc":{"start":{"line":345,"column":49},"end":{"line":345,"column":63}}},"50":{"name":"(anonymous_50)","line":349,"loc":{"start":{"line":349,"column":46},"end":{"line":349,"column":60}}},"51":{"name":"(anonymous_51)","line":350,"loc":{"start":{"line":350,"column":58},"end":{"line":350,"column":75}}},"52":{"name":"(anonymous_52)","line":355,"loc":{"start":{"line":355,"column":45},"end":{"line":355,"column":59}}},"53":{"name":"(anonymous_53)","line":359,"loc":{"start":{"line":359,"column":48},"end":{"line":359,"column":69}}},"54":{"name":"(anonymous_54)","line":360,"loc":{"start":{"line":360,"column":58},"end":{"line":360,"column":75}}},"55":{"name":"(anonymous_55)","line":365,"loc":{"start":{"line":365,"column":50},"end":{"line":365,"column":71}}},"56":{"name":"(anonymous_56)","line":369,"loc":{"start":{"line":369,"column":54},"end":{"line":369,"column":75}}},"57":{"name":"(anonymous_57)","line":370,"loc":{"start":{"line":370,"column":58},"end":{"line":370,"column":75}}},"58":{"name":"(anonymous_58)","line":375,"loc":{"start":{"line":375,"column":46},"end":{"line":375,"column":60}}},"59":{"name":"(anonymous_59)","line":376,"loc":{"start":{"line":376,"column":58},"end":{"line":376,"column":75}}},"60":{"name":"(anonymous_60)","line":381,"loc":{"start":{"line":381,"column":47},"end":{"line":381,"column":61}}},"61":{"name":"(anonymous_61)","line":382,"loc":{"start":{"line":382,"column":58},"end":{"line":382,"column":75}}},"62":{"name":"(anonymous_62)","line":387,"loc":{"start":{"line":387,"column":66},"end":{"line":387,"column":80}}},"63":{"name":"(anonymous_63)","line":391,"loc":{"start":{"line":391,"column":40},"end":{"line":391,"column":57}}},"64":{"name":"(anonymous_64)","line":396,"loc":{"start":{"line":396,"column":49},"end":{"line":396,"column":60}}}},"statementMap":{"1":{"start":{"line":1,"column":0},"end":{"line":408,"column":14}},"2":{"start":{"line":2,"column":2},"end":{"line":2,"column":43}},"3":{"start":{"line":4,"column":2},"end":{"line":250,"column":7}},"4":{"start":{"line":5,"column":4},"end":{"line":26,"column":5}},"5":{"start":{"line":6,"column":6},"end":{"line":6,"column":33}},"6":{"start":{"line":7,"column":6},"end":{"line":7,"column":41}},"7":{"start":{"line":8,"column":6},"end":{"line":8,"column":41}},"8":{"start":{"line":9,"column":6},"end":{"line":12,"column":9}},"9":{"start":{"line":13,"column":6},"end":{"line":13,"column":24}},"10":{"start":{"line":14,"column":6},"end":{"line":14,"column":27}},"11":{"start":{"line":15,"column":6},"end":{"line":15,"column":27}},"12":{"start":{"line":16,"column":6},"end":{"line":16,"column":20}},"13":{"start":{"line":17,"column":6},"end":{"line":19,"column":9}},"14":{"start":{"line":18,"column":8},"end":{"line":18,"column":61}},"15":{"start":{"line":20,"column":6},"end":{"line":25,"column":9}},"16":{"start":{"line":21,"column":8},"end":{"line":24,"column":9}},"17":{"start":{"line":22,"column":10},"end":{"line":22,"column":33}},"18":{"start":{"line":23,"column":10},"end":{"line":23,"column":33}},"19":{"start":{"line":28,"column":4},"end":{"line":30,"column":6}},"20":{"start":{"line":29,"column":6},"end":{"line":29,"column":30}},"21":{"start":{"line":32,"column":4},"end":{"line":34,"column":6}},"22":{"start":{"line":33,"column":6},"end":{"line":33,"column":42}},"23":{"start":{"line":36,"column":4},"end":{"line":54,"column":6}},"24":{"start":{"line":37,"column":6},"end":{"line":37,"column":31}},"25":{"start":{"line":38,"column":6},"end":{"line":38,"column":30}},"26":{"start":{"line":39,"column":6},"end":{"line":46,"column":7}},"27":{"start":{"line":40,"column":8},"end":{"line":40,"column":38}},"28":{"start":{"line":42,"column":8},"end":{"line":42,"column":85}},"29":{"start":{"line":43,"column":8},"end":{"line":43,"column":22}},"30":{"start":{"line":44,"column":8},"end":{"line":44,"column":38}},"31":{"start":{"line":45,"column":8},"end":{"line":45,"column":44}},"32":{"start":{"line":47,"column":6},"end":{"line":47,"column":37}},"33":{"start":{"line":48,"column":6},"end":{"line":53,"column":9}},"34":{"start":{"line":49,"column":8},"end":{"line":49,"column":26}},"35":{"start":{"line":50,"column":8},"end":{"line":50,"column":24}},"36":{"start":{"line":51,"column":8},"end":{"line":51,"column":41}},"37":{"start":{"line":52,"column":8},"end":{"line":52,"column":96}},"38":{"start":{"line":56,"column":4},"end":{"line":58,"column":6}},"39":{"start":{"line":57,"column":6},"end":{"line":57,"column":42}},"40":{"start":{"line":60,"column":4},"end":{"line":62,"column":6}},"41":{"start":{"line":61,"column":6},"end":{"line":61,"column":27}},"42":{"start":{"line":64,"column":4},"end":{"line":66,"column":6}},"43":{"start":{"line":65,"column":6},"end":{"line":65,"column":34}},"44":{"start":{"line":68,"column":4},"end":{"line":70,"column":6}},"45":{"start":{"line":69,"column":6},"end":{"line":69,"column":26}},"46":{"start":{"line":72,"column":4},"end":{"line":83,"column":6}},"47":{"start":{"line":73,"column":6},"end":{"line":73,"column":23}},"48":{"start":{"line":74,"column":6},"end":{"line":74,"column":34}},"49":{"start":{"line":75,"column":6},"end":{"line":77,"column":7}},"50":{"start":{"line":76,"column":8},"end":{"line":76,"column":28}},"51":{"start":{"line":78,"column":6},"end":{"line":81,"column":7}},"52":{"start":{"line":79,"column":8},"end":{"line":79,"column":36}},"53":{"start":{"line":80,"column":8},"end":{"line":80,"column":31}},"54":{"start":{"line":82,"column":6},"end":{"line":82,"column":19}},"55":{"start":{"line":85,"column":4},"end":{"line":87,"column":6}},"56":{"start":{"line":86,"column":6},"end":{"line":86,"column":34}},"57":{"start":{"line":89,"column":4},"end":{"line":91,"column":6}},"58":{"start":{"line":90,"column":6},"end":{"line":90,"column":30}},"59":{"start":{"line":93,"column":4},"end":{"line":95,"column":6}},"60":{"start":{"line":94,"column":6},"end":{"line":94,"column":35}},"61":{"start":{"line":97,"column":4},"end":{"line":99,"column":6}},"62":{"start":{"line":98,"column":6},"end":{"line":98,"column":40}},"63":{"start":{"line":101,"column":4},"end":{"line":103,"column":6}},"64":{"start":{"line":102,"column":6},"end":{"line":102,"column":36}},"65":{"start":{"line":105,"column":4},"end":{"line":115,"column":6}},"66":{"start":{"line":106,"column":6},"end":{"line":106,"column":26}},"67":{"start":{"line":107,"column":6},"end":{"line":107,"column":40}},"68":{"start":{"line":108,"column":6},"end":{"line":110,"column":7}},"69":{"start":{"line":109,"column":8},"end":{"line":109,"column":31}},"70":{"start":{"line":111,"column":6},"end":{"line":113,"column":7}},"71":{"start":{"line":112,"column":8},"end":{"line":112,"column":40}},"72":{"start":{"line":114,"column":6},"end":{"line":114,"column":22}},"73":{"start":{"line":117,"column":4},"end":{"line":120,"column":6}},"74":{"start":{"line":118,"column":6},"end":{"line":118,"column":35}},"75":{"start":{"line":119,"column":6},"end":{"line":119,"column":18}},"76":{"start":{"line":122,"column":4},"end":{"line":125,"column":6}},"77":{"start":{"line":123,"column":6},"end":{"line":123,"column":38}},"78":{"start":{"line":124,"column":6},"end":{"line":124,"column":18}},"79":{"start":{"line":127,"column":4},"end":{"line":130,"column":6}},"80":{"start":{"line":128,"column":6},"end":{"line":128,"column":38}},"81":{"start":{"line":129,"column":6},"end":{"line":129,"column":18}},"82":{"start":{"line":132,"column":4},"end":{"line":134,"column":6}},"83":{"start":{"line":133,"column":6},"end":{"line":133,"column":41}},"84":{"start":{"line":136,"column":4},"end":{"line":138,"column":6}},"85":{"start":{"line":137,"column":6},"end":{"line":137,"column":31}},"86":{"start":{"line":140,"column":4},"end":{"line":142,"column":6}},"87":{"start":{"line":141,"column":6},"end":{"line":141,"column":34}},"88":{"start":{"line":144,"column":4},"end":{"line":146,"column":6}},"89":{"start":{"line":145,"column":6},"end":{"line":145,"column":35}},"90":{"start":{"line":148,"column":4},"end":{"line":150,"column":6}},"91":{"start":{"line":149,"column":6},"end":{"line":149,"column":33}},"92":{"start":{"line":152,"column":4},"end":{"line":158,"column":6}},"93":{"start":{"line":153,"column":6},"end":{"line":157,"column":7}},"94":{"start":{"line":154,"column":8},"end":{"line":154,"column":42}},"95":{"start":{"line":156,"column":8},"end":{"line":156,"column":38}},"96":{"start":{"line":160,"column":4},"end":{"line":166,"column":6}},"97":{"start":{"line":161,"column":6},"end":{"line":165,"column":7}},"98":{"start":{"line":162,"column":8},"end":{"line":162,"column":62}},"99":{"start":{"line":164,"column":8},"end":{"line":164,"column":58}},"100":{"start":{"line":168,"column":4},"end":{"line":174,"column":6}},"101":{"start":{"line":169,"column":6},"end":{"line":173,"column":7}},"102":{"start":{"line":170,"column":8},"end":{"line":170,"column":57}},"103":{"start":{"line":172,"column":8},"end":{"line":172,"column":53}},"104":{"start":{"line":176,"column":4},"end":{"line":191,"column":6}},"105":{"start":{"line":177,"column":6},"end":{"line":190,"column":7}},"106":{"start":{"line":178,"column":8},"end":{"line":182,"column":9}},"107":{"start":{"line":179,"column":10},"end":{"line":179,"column":34}},"108":{"start":{"line":181,"column":10},"end":{"line":181,"column":38}},"109":{"start":{"line":183,"column":8},"end":{"line":183,"column":20}},"110":{"start":{"line":185,"column":8},"end":{"line":189,"column":9}},"111":{"start":{"line":186,"column":10},"end":{"line":186,"column":35}},"112":{"start":{"line":188,"column":10},"end":{"line":188,"column":39}},"113":{"start":{"line":193,"column":4},"end":{"line":199,"column":6}},"114":{"start":{"line":194,"column":6},"end":{"line":198,"column":7}},"115":{"start":{"line":195,"column":8},"end":{"line":195,"column":35}},"116":{"start":{"line":197,"column":8},"end":{"line":197,"column":31}},"117":{"start":{"line":201,"column":4},"end":{"line":203,"column":6}},"118":{"start":{"line":202,"column":6},"end":{"line":202,"column":28}},"119":{"start":{"line":205,"column":4},"end":{"line":207,"column":6}},"120":{"start":{"line":206,"column":6},"end":{"line":206,"column":32}},"121":{"start":{"line":209,"column":4},"end":{"line":224,"column":6}},"122":{"start":{"line":210,"column":6},"end":{"line":223,"column":7}},"123":{"start":{"line":211,"column":8},"end":{"line":215,"column":9}},"124":{"start":{"line":212,"column":10},"end":{"line":212,"column":41}},"125":{"start":{"line":214,"column":10},"end":{"line":214,"column":45}},"126":{"start":{"line":216,"column":8},"end":{"line":216,"column":20}},"127":{"start":{"line":218,"column":8},"end":{"line":222,"column":9}},"128":{"start":{"line":219,"column":10},"end":{"line":219,"column":41}},"129":{"start":{"line":221,"column":10},"end":{"line":221,"column":45}},"130":{"start":{"line":226,"column":4},"end":{"line":228,"column":6}},"131":{"start":{"line":227,"column":6},"end":{"line":227,"column":31}},"132":{"start":{"line":230,"column":4},"end":{"line":237,"column":6}},"133":{"start":{"line":231,"column":6},"end":{"line":236,"column":7}},"134":{"start":{"line":232,"column":8},"end":{"line":232,"column":33}},"135":{"start":{"line":233,"column":8},"end":{"line":233,"column":20}},"136":{"start":{"line":235,"column":8},"end":{"line":235,"column":33}},"137":{"start":{"line":239,"column":4},"end":{"line":246,"column":6}},"138":{"start":{"line":240,"column":6},"end":{"line":245,"column":7}},"139":{"start":{"line":241,"column":8},"end":{"line":241,"column":40}},"140":{"start":{"line":242,"column":8},"end":{"line":242,"column":20}},"141":{"start":{"line":244,"column":8},"end":{"line":244,"column":42}},"142":{"start":{"line":248,"column":4},"end":{"line":248,"column":24}},"143":{"start":{"line":252,"column":2},"end":{"line":252,"column":178}},"144":{"start":{"line":254,"column":2},"end":{"line":402,"column":7}},"145":{"start":{"line":255,"column":4},"end":{"line":263,"column":5}},"146":{"start":{"line":256,"column":6},"end":{"line":256,"column":26}},"147":{"start":{"line":257,"column":6},"end":{"line":257,"column":27}},"148":{"start":{"line":258,"column":6},"end":{"line":260,"column":9}},"149":{"start":{"line":259,"column":8},"end":{"line":259,"column":63}},"150":{"start":{"line":261,"column":6},"end":{"line":261,"column":44}},"151":{"start":{"line":262,"column":6},"end":{"line":262,"column":34}},"152":{"start":{"line":265,"column":4},"end":{"line":321,"column":6}},"153":{"start":{"line":266,"column":6},"end":{"line":266,"column":64}},"154":{"start":{"line":267,"column":6},"end":{"line":269,"column":7}},"155":{"start":{"line":268,"column":8},"end":{"line":268,"column":21}},"156":{"start":{"line":270,"column":6},"end":{"line":283,"column":8}},"157":{"start":{"line":284,"column":6},"end":{"line":284,"column":44}},"158":{"start":{"line":285,"column":6},"end":{"line":285,"column":89}},"159":{"start":{"line":286,"column":6},"end":{"line":295,"column":9}},"160":{"start":{"line":287,"column":8},"end":{"line":294,"column":9}},"161":{"start":{"line":289,"column":12},"end":{"line":289,"column":28}},"162":{"start":{"line":291,"column":12},"end":{"line":291,"column":33}},"163":{"start":{"line":293,"column":12},"end":{"line":293,"column":32}},"164":{"start":{"line":296,"column":6},"end":{"line":296,"column":50}},"165":{"start":{"line":297,"column":6},"end":{"line":299,"column":7}},"166":{"start":{"line":298,"column":8},"end":{"line":298,"column":28}},"167":{"start":{"line":300,"column":6},"end":{"line":302,"column":7}},"168":{"start":{"line":301,"column":8},"end":{"line":301,"column":27}},"169":{"start":{"line":303,"column":6},"end":{"line":305,"column":7}},"170":{"start":{"line":304,"column":8},"end":{"line":304,"column":54}},"171":{"start":{"line":306,"column":6},"end":{"line":306,"column":42}},"172":{"start":{"line":307,"column":6},"end":{"line":309,"column":7}},"173":{"start":{"line":308,"column":8},"end":{"line":308,"column":25}},"174":{"start":{"line":310,"column":6},"end":{"line":310,"column":26}},"175":{"start":{"line":311,"column":6},"end":{"line":318,"column":7}},"176":{"start":{"line":312,"column":8},"end":{"line":312,"column":100}},"177":{"start":{"line":313,"column":8},"end":{"line":315,"column":9}},"178":{"start":{"line":314,"column":10},"end":{"line":314,"column":30}},"179":{"start":{"line":317,"column":8},"end":{"line":317,"column":28}},"180":{"start":{"line":319,"column":6},"end":{"line":319,"column":40}},"181":{"start":{"line":320,"column":6},"end":{"line":320,"column":23}},"182":{"start":{"line":323,"column":4},"end":{"line":325,"column":6}},"183":{"start":{"line":324,"column":6},"end":{"line":324,"column":43}},"184":{"start":{"line":327,"column":4},"end":{"line":339,"column":6}},"185":{"start":{"line":328,"column":6},"end":{"line":328,"column":29}},"186":{"start":{"line":329,"column":6},"end":{"line":329,"column":17}},"187":{"start":{"line":330,"column":6},"end":{"line":330,"column":25}},"188":{"start":{"line":331,"column":6},"end":{"line":337,"column":9}},"189":{"start":{"line":332,"column":8},"end":{"line":336,"column":9}},"190":{"start":{"line":333,"column":10},"end":{"line":333,"column":33}},"191":{"start":{"line":335,"column":10},"end":{"line":335,"column":44}},"192":{"start":{"line":338,"column":6},"end":{"line":338,"column":49}},"193":{"start":{"line":341,"column":4},"end":{"line":343,"column":6}},"194":{"start":{"line":342,"column":6},"end":{"line":342,"column":44}},"195":{"start":{"line":345,"column":4},"end":{"line":347,"column":6}},"196":{"start":{"line":346,"column":6},"end":{"line":346,"column":44}},"197":{"start":{"line":349,"column":4},"end":{"line":353,"column":6}},"198":{"start":{"line":350,"column":6},"end":{"line":352,"column":9}},"199":{"start":{"line":351,"column":8},"end":{"line":351,"column":31}},"200":{"start":{"line":355,"column":4},"end":{"line":357,"column":6}},"201":{"start":{"line":356,"column":6},"end":{"line":356,"column":30}},"202":{"start":{"line":359,"column":4},"end":{"line":363,"column":6}},"203":{"start":{"line":360,"column":6},"end":{"line":362,"column":9}},"204":{"start":{"line":361,"column":8},"end":{"line":361,"column":38}},"205":{"start":{"line":365,"column":4},"end":{"line":367,"column":6}},"206":{"start":{"line":366,"column":6},"end":{"line":366,"column":39}},"207":{"start":{"line":369,"column":4},"end":{"line":373,"column":6}},"208":{"start":{"line":370,"column":6},"end":{"line":372,"column":9}},"209":{"start":{"line":371,"column":8},"end":{"line":371,"column":44}},"210":{"start":{"line":375,"column":4},"end":{"line":379,"column":6}},"211":{"start":{"line":376,"column":6},"end":{"line":378,"column":9}},"212":{"start":{"line":377,"column":8},"end":{"line":377,"column":31}},"213":{"start":{"line":381,"column":4},"end":{"line":385,"column":6}},"214":{"start":{"line":382,"column":6},"end":{"line":384,"column":9}},"215":{"start":{"line":383,"column":8},"end":{"line":383,"column":32}},"216":{"start":{"line":387,"column":4},"end":{"line":394,"column":6}},"217":{"start":{"line":388,"column":6},"end":{"line":390,"column":7}},"218":{"start":{"line":389,"column":8},"end":{"line":389,"column":35}},"219":{"start":{"line":391,"column":6},"end":{"line":393,"column":9}},"220":{"start":{"line":392,"column":8},"end":{"line":392,"column":30}},"221":{"start":{"line":396,"column":4},"end":{"line":398,"column":6}},"222":{"start":{"line":397,"column":6},"end":{"line":397,"column":39}},"223":{"start":{"line":400,"column":4},"end":{"line":400,"column":34}},"224":{"start":{"line":404,"column":2},"end":{"line":404,"column":57}},"225":{"start":{"line":406,"column":2},"end":{"line":406,"column":37}}},"branchMap":{"1":{"line":21,"type":"if","locations":[{"start":{"line":21,"column":8},"end":{"line":21,"column":8}},{"start":{"line":21,"column":8},"end":{"line":21,"column":8}}]},"2":{"line":39,"type":"if","locations":[{"start":{"line":39,"column":6},"end":{"line":39,"column":6}},{"start":{"line":39,"column":6},"end":{"line":39,"column":6}}]},"3":{"line":52,"type":"cond-expr","locations":[{"start":{"line":52,"column":71},"end":{"line":52,"column":76}},{"start":{"line":52,"column":79},"end":{"line":52,"column":93}}]},"4":{"line":75,"type":"if","locations":[{"start":{"line":75,"column":6},"end":{"line":75,"column":6}},{"start":{"line":75,"column":6},"end":{"line":75,"column":6}}]},"5":{"line":75,"type":"binary-expr","locations":[{"start":{"line":75,"column":10},"end":{"line":75,"column":25}},{"start":{"line":75,"column":30},"end":{"line":75,"column":43}}]},"6":{"line":78,"type":"if","locations":[{"start":{"line":78,"column":6},"end":{"line":78,"column":6}},{"start":{"line":78,"column":6},"end":{"line":78,"column":6}}]},"7":{"line":108,"type":"if","locations":[{"start":{"line":108,"column":6},"end":{"line":108,"column":6}},{"start":{"line":108,"column":6},"end":{"line":108,"column":6}}]},"8":{"line":111,"type":"if","locations":[{"start":{"line":111,"column":6},"end":{"line":111,"column":6}},{"start":{"line":111,"column":6},"end":{"line":111,"column":6}}]},"9":{"line":153,"type":"if","locations":[{"start":{"line":153,"column":6},"end":{"line":153,"column":6}},{"start":{"line":153,"column":6},"end":{"line":153,"column":6}}]},"10":{"line":153,"type":"binary-expr","locations":[{"start":{"line":153,"column":10},"end":{"line":153,"column":21}},{"start":{"line":153,"column":25},"end":{"line":153,"column":46}}]},"11":{"line":161,"type":"if","locations":[{"start":{"line":161,"column":6},"end":{"line":161,"column":6}},{"start":{"line":161,"column":6},"end":{"line":161,"column":6}}]},"12":{"line":161,"type":"binary-expr","locations":[{"start":{"line":161,"column":10},"end":{"line":161,"column":21}},{"start":{"line":161,"column":25},"end":{"line":161,"column":46}}]},"13":{"line":169,"type":"if","locations":[{"start":{"line":169,"column":6},"end":{"line":169,"column":6}},{"start":{"line":169,"column":6},"end":{"line":169,"column":6}}]},"14":{"line":169,"type":"binary-expr","locations":[{"start":{"line":169,"column":10},"end":{"line":169,"column":21}},{"start":{"line":169,"column":25},"end":{"line":169,"column":46}}]},"15":{"line":177,"type":"if","locations":[{"start":{"line":177,"column":6},"end":{"line":177,"column":6}},{"start":{"line":177,"column":6},"end":{"line":177,"column":6}}]},"16":{"line":178,"type":"if","locations":[{"start":{"line":178,"column":8},"end":{"line":178,"column":8}},{"start":{"line":178,"column":8},"end":{"line":178,"column":8}}]},"17":{"line":185,"type":"if","locations":[{"start":{"line":185,"column":8},"end":{"line":185,"column":8}},{"start":{"line":185,"column":8},"end":{"line":185,"column":8}}]},"18":{"line":194,"type":"if","locations":[{"start":{"line":194,"column":6},"end":{"line":194,"column":6}},{"start":{"line":194,"column":6},"end":{"line":194,"column":6}}]},"19":{"line":210,"type":"if","locations":[{"start":{"line":210,"column":6},"end":{"line":210,"column":6}},{"start":{"line":210,"column":6},"end":{"line":210,"column":6}}]},"20":{"line":211,"type":"if","locations":[{"start":{"line":211,"column":8},"end":{"line":211,"column":8}},{"start":{"line":211,"column":8},"end":{"line":211,"column":8}}]},"21":{"line":218,"type":"if","locations":[{"start":{"line":218,"column":8},"end":{"line":218,"column":8}},{"start":{"line":218,"column":8},"end":{"line":218,"column":8}}]},"22":{"line":231,"type":"if","locations":[{"start":{"line":231,"column":6},"end":{"line":231,"column":6}},{"start":{"line":231,"column":6},"end":{"line":231,"column":6}}]},"23":{"line":231,"type":"binary-expr","locations":[{"start":{"line":231,"column":11},"end":{"line":231,"column":24}},{"start":{"line":231,"column":29},"end":{"line":231,"column":52}}]},"24":{"line":240,"type":"if","locations":[{"start":{"line":240,"column":6},"end":{"line":240,"column":6}},{"start":{"line":240,"column":6},"end":{"line":240,"column":6}}]},"25":{"line":267,"type":"if","locations":[{"start":{"line":267,"column":6},"end":{"line":267,"column":6}},{"start":{"line":267,"column":6},"end":{"line":267,"column":6}}]},"26":{"line":285,"type":"cond-expr","locations":[{"start":{"line":285,"column":38},"end":{"line":285,"column":48}},{"start":{"line":285,"column":51},"end":{"line":285,"column":88}}]},"27":{"line":287,"type":"switch","locations":[{"start":{"line":288,"column":10},"end":{"line":289,"column":28}},{"start":{"line":290,"column":10},"end":{"line":291,"column":33}},{"start":{"line":292,"column":10},"end":{"line":293,"column":32}}]},"28":{"line":297,"type":"if","locations":[{"start":{"line":297,"column":6},"end":{"line":297,"column":6}},{"start":{"line":297,"column":6},"end":{"line":297,"column":6}}]},"29":{"line":300,"type":"if","locations":[{"start":{"line":300,"column":6},"end":{"line":300,"column":6}},{"start":{"line":300,"column":6},"end":{"line":300,"column":6}}]},"30":{"line":300,"type":"binary-expr","locations":[{"start":{"line":300,"column":10},"end":{"line":300,"column":24}},{"start":{"line":300,"column":28},"end":{"line":300,"column":38}},{"start":{"line":300,"column":42},"end":{"line":300,"column":57}},{"start":{"line":300,"column":61},"end":{"line":300,"column":76}},{"start":{"line":300,"column":80},"end":{"line":300,"column":94}}]},"31":{"line":303,"type":"if","locations":[{"start":{"line":303,"column":6},"end":{"line":303,"column":6}},{"start":{"line":303,"column":6},"end":{"line":303,"column":6}}]},"32":{"line":307,"type":"if","locations":[{"start":{"line":307,"column":6},"end":{"line":307,"column":6}},{"start":{"line":307,"column":6},"end":{"line":307,"column":6}}]},"33":{"line":311,"type":"if","locations":[{"start":{"line":311,"column":6},"end":{"line":311,"column":6}},{"start":{"line":311,"column":6},"end":{"line":311,"column":6}}]},"34":{"line":312,"type":"cond-expr","locations":[{"start":{"line":312,"column":59},"end":{"line":312,"column":76}},{"start":{"line":312,"column":79},"end":{"line":312,"column":99}}]},"35":{"line":313,"type":"if","locations":[{"start":{"line":313,"column":8},"end":{"line":313,"column":8}},{"start":{"line":313,"column":8},"end":{"line":313,"column":8}}]},"36":{"line":332,"type":"if","locations":[{"start":{"line":332,"column":8},"end":{"line":332,"column":8}},{"start":{"line":332,"column":8},"end":{"line":332,"column":8}}]},"37":{"line":332,"type":"binary-expr","locations":[{"start":{"line":332,"column":13},"end":{"line":332,"column":24}},{"start":{"line":332,"column":29},"end":{"line":332,"column":43}}]},"38":{"line":388,"type":"if","locations":[{"start":{"line":388,"column":6},"end":{"line":388,"column":6}},{"start":{"line":388,"column":6},"end":{"line":388,"column":6}}]}}}}