{"dist/components/toggle-switch/toggle-switch.js":{"path":"dist/components/toggle-switch/toggle-switch.js","s":{"1":1,"2":1,"3":1,"4":1,"5":51,"6":51,"7":31,"8":31,"9":31,"10":31,"11":31,"12":31,"13":31,"14":31,"15":1,"16":31,"17":0,"18":0,"19":0,"20":20,"21":20,"22":20,"23":20,"24":80,"25":40,"26":20,"27":20,"28":20,"29":20,"30":1,"31":20,"32":1,"33":20,"34":20,"35":4,"36":4,"37":2,"38":16,"39":20,"40":20,"41":1,"42":31,"43":1,"44":2,"45":1,"46":0,"47":1,"48":9,"49":1,"50":1,"51":1,"52":2,"53":2,"54":2,"55":1,"56":1,"57":1,"58":1,"59":1,"60":1,"61":0,"62":1,"63":3,"64":1,"65":14,"66":1,"67":1,"68":1,"69":3,"70":1,"71":4,"72":4,"73":4,"74":0,"75":4,"76":4,"77":4,"78":1,"79":0,"80":0,"81":1,"82":0,"83":0,"84":1,"85":0,"86":0,"87":1,"88":0,"89":1,"90":0,"91":1,"92":0,"93":1,"94":0,"95":1,"96":0,"97":1,"98":1,"99":1,"100":0,"101":1,"102":0,"103":0,"104":0,"105":1,"106":0,"107":0,"108":0,"109":1,"110":0,"111":0,"112":0,"113":0,"114":0,"115":0,"116":0,"117":0,"118":1,"119":0,"120":0,"121":0,"122":1,"123":0,"124":1,"125":2,"126":1,"127":7,"128":1,"129":1,"130":0,"131":1,"132":6,"133":0,"134":6,"135":1,"136":2,"137":1,"138":0,"139":0,"140":0,"141":0,"142":1,"143":28,"144":5,"145":5,"146":23,"147":1,"148":1,"149":1,"150":1,"151":11,"152":11,"153":11,"154":11,"155":11,"156":11,"157":1,"158":20,"159":20,"160":11,"161":20,"162":20,"163":20,"164":1,"165":20,"166":1,"167":22,"168":22,"169":22,"170":22,"171":31,"172":31,"173":0,"174":22,"175":1,"176":22,"177":1,"178":0,"179":1,"180":0,"181":0,"182":1,"183":0,"184":1,"185":0,"186":0,"187":1,"188":0,"189":1,"190":0,"191":0,"192":1,"193":1,"194":1,"195":1,"196":2,"197":2,"198":1,"199":3,"200":3,"201":0,"202":0,"203":1,"204":0,"205":1,"206":1,"207":1,"208":19,"209":1,"210":1},"b":{"1":[31,20],"2":[0,0],"3":[1,19],"4":[40,20,20],"5":[1,19],"6":[1,19],"7":[20,19,19,19,19],"8":[4,16],"9":[2,2],"10":[2,2],"11":[1,1],"12":[2,1],"13":[1,0],"14":[0,4],"15":[4,0],"16":[1,0],"17":[1,1],"18":[0,0],"19":[0,0],"20":[0,0],"21":[0,0],"22":[0,0],"23":[0,0],"24":[0,0],"25":[0,0],"26":[1,6],"27":[1,0],"28":[0,6],"29":[0,0],"30":[0,0],"31":[5,23],"32":[11,9],"33":[31,0],"34":[31,0],"35":[3,0]},"f":{"1":1,"2":1,"3":51,"4":1,"5":0,"6":80,"7":31,"8":2,"9":0,"10":9,"11":1,"12":2,"13":0,"14":3,"15":14,"16":1,"17":3,"18":4,"19":0,"20":0,"21":0,"22":0,"23":0,"24":0,"25":0,"26":0,"27":1,"28":0,"29":0,"30":0,"31":0,"32":0,"33":2,"34":7,"35":2,"36":0,"37":28,"38":1,"39":11,"40":11,"41":20,"42":20,"43":22,"44":31,"45":22,"46":0,"47":0,"48":0,"49":0,"50":0,"51":0,"52":0,"53":0,"54":0,"55":1,"56":1,"57":2,"58":2,"59":3,"60":0,"61":0,"62":19},"fnMap":{"1":{"name":"(anonymous_1)","line":1,"loc":{"start":{"line":1,"column":1},"end":{"line":1,"column":12}}},"2":{"name":"(anonymous_2)","line":4,"loc":{"start":{"line":4,"column":18},"end":{"line":4,"column":29}}},"3":{"name":"ToggleSwitch","line":5,"loc":{"start":{"line":5,"column":4},"end":{"line":5,"column":35}}},"4":{"name":"(anonymous_4)","line":18,"loc":{"start":{"line":18,"column":28},"end":{"line":18,"column":39}}},"5":{"name":"(anonymous_5)","line":21,"loc":{"start":{"line":21,"column":31},"end":{"line":21,"column":47}}},"6":{"name":"(anonymous_6)","line":42,"loc":{"start":{"line":42,"column":78},"end":{"line":42,"column":94}}},"7":{"name":"(anonymous_7)","line":73,"loc":{"start":{"line":73,"column":36},"end":{"line":73,"column":47}}},"8":{"name":"(anonymous_8)","line":77,"loc":{"start":{"line":77,"column":36},"end":{"line":77,"column":47}}},"9":{"name":"(anonymous_9)","line":81,"loc":{"start":{"line":81,"column":35},"end":{"line":81,"column":46}}},"10":{"name":"(anonymous_10)","line":85,"loc":{"start":{"line":85,"column":35},"end":{"line":85,"column":46}}},"11":{"name":"(anonymous_11)","line":89,"loc":{"start":{"line":89,"column":37},"end":{"line":89,"column":48}}},"12":{"name":"(anonymous_12)","line":93,"loc":{"start":{"line":93,"column":38},"end":{"line":93,"column":54}}},"13":{"name":"(anonymous_13)","line":106,"loc":{"start":{"line":106,"column":40},"end":{"line":106,"column":56}}},"14":{"name":"(anonymous_14)","line":110,"loc":{"start":{"line":110,"column":37},"end":{"line":110,"column":48}}},"15":{"name":"(anonymous_15)","line":114,"loc":{"start":{"line":114,"column":38},"end":{"line":114,"column":49}}},"16":{"name":"(anonymous_16)","line":118,"loc":{"start":{"line":118,"column":36},"end":{"line":118,"column":47}}},"17":{"name":"(anonymous_17)","line":122,"loc":{"start":{"line":122,"column":37},"end":{"line":122,"column":48}}},"18":{"name":"(anonymous_18)","line":126,"loc":{"start":{"line":126,"column":41},"end":{"line":126,"column":60}}},"19":{"name":"(anonymous_19)","line":138,"loc":{"start":{"line":138,"column":38},"end":{"line":138,"column":59}}},"20":{"name":"(anonymous_20)","line":143,"loc":{"start":{"line":143,"column":41},"end":{"line":143,"column":62}}},"21":{"name":"(anonymous_21)","line":148,"loc":{"start":{"line":148,"column":41},"end":{"line":148,"column":62}}},"22":{"name":"(anonymous_22)","line":153,"loc":{"start":{"line":153,"column":38},"end":{"line":153,"column":58}}},"23":{"name":"(anonymous_23)","line":157,"loc":{"start":{"line":157,"column":34},"end":{"line":157,"column":48}}},"24":{"name":"(anonymous_24)","line":161,"loc":{"start":{"line":161,"column":37},"end":{"line":161,"column":51}}},"25":{"name":"(anonymous_25)","line":165,"loc":{"start":{"line":165,"column":38},"end":{"line":165,"column":52}}},"26":{"name":"(anonymous_26)","line":169,"loc":{"start":{"line":169,"column":36},"end":{"line":169,"column":50}}},"27":{"name":"(anonymous_27)","line":173,"loc":{"start":{"line":173,"column":37},"end":{"line":173,"column":53}}},"28":{"name":"(anonymous_28)","line":181,"loc":{"start":{"line":181,"column":32},"end":{"line":181,"column":73}}},"29":{"name":"(anonymous_29)","line":189,"loc":{"start":{"line":189,"column":33},"end":{"line":189,"column":68}}},"30":{"name":"(anonymous_30)","line":197,"loc":{"start":{"line":197,"column":33},"end":{"line":197,"column":54}}},"31":{"name":"(anonymous_31)","line":214,"loc":{"start":{"line":214,"column":32},"end":{"line":214,"column":46}}},"32":{"name":"(anonymous_32)","line":222,"loc":{"start":{"line":222,"column":34},"end":{"line":222,"column":45}}},"33":{"name":"(anonymous_33)","line":226,"loc":{"start":{"line":226,"column":34},"end":{"line":226,"column":45}}},"34":{"name":"(anonymous_34)","line":230,"loc":{"start":{"line":230,"column":34},"end":{"line":230,"column":61}}},"35":{"name":"(anonymous_35)","line":247,"loc":{"start":{"line":247,"column":34},"end":{"line":247,"column":45}}},"36":{"name":"(anonymous_36)","line":251,"loc":{"start":{"line":251,"column":34},"end":{"line":251,"column":55}}},"37":{"name":"(anonymous_37)","line":260,"loc":{"start":{"line":260,"column":34},"end":{"line":260,"column":58}}},"38":{"name":"(anonymous_38)","line":275,"loc":{"start":{"line":275,"column":28},"end":{"line":275,"column":39}}},"39":{"name":"ToggleSwitchController","line":276,"loc":{"start":{"line":276,"column":4},"end":{"line":276,"column":38}}},"40":{"name":"(anonymous_40)","line":279,"loc":{"start":{"line":279,"column":31},"end":{"line":279,"column":42}}},"41":{"name":"(anonymous_41)","line":286,"loc":{"start":{"line":286,"column":55},"end":{"line":286,"column":73}}},"42":{"name":"(anonymous_42)","line":296,"loc":{"start":{"line":296,"column":43},"end":{"line":296,"column":61}}},"43":{"name":"(anonymous_43)","line":300,"loc":{"start":{"line":300,"column":60},"end":{"line":300,"column":74}}},"44":{"name":"(anonymous_44)","line":304,"loc":{"start":{"line":304,"column":34},"end":{"line":304,"column":58}}},"45":{"name":"(anonymous_45)","line":314,"loc":{"start":{"line":314,"column":46},"end":{"line":314,"column":60}}},"46":{"name":"(anonymous_46)","line":318,"loc":{"start":{"line":318,"column":49},"end":{"line":318,"column":63}}},"47":{"name":"(anonymous_47)","line":322,"loc":{"start":{"line":322,"column":46},"end":{"line":322,"column":60}}},"48":{"name":"(anonymous_48)","line":323,"loc":{"start":{"line":323,"column":58},"end":{"line":323,"column":75}}},"49":{"name":"(anonymous_49)","line":328,"loc":{"start":{"line":328,"column":45},"end":{"line":328,"column":59}}},"50":{"name":"(anonymous_50)","line":332,"loc":{"start":{"line":332,"column":48},"end":{"line":332,"column":69}}},"51":{"name":"(anonymous_51)","line":333,"loc":{"start":{"line":333,"column":58},"end":{"line":333,"column":75}}},"52":{"name":"(anonymous_52)","line":338,"loc":{"start":{"line":338,"column":50},"end":{"line":338,"column":71}}},"53":{"name":"(anonymous_53)","line":342,"loc":{"start":{"line":342,"column":54},"end":{"line":342,"column":75}}},"54":{"name":"(anonymous_54)","line":343,"loc":{"start":{"line":343,"column":58},"end":{"line":343,"column":75}}},"55":{"name":"(anonymous_55)","line":348,"loc":{"start":{"line":348,"column":46},"end":{"line":348,"column":60}}},"56":{"name":"(anonymous_56)","line":349,"loc":{"start":{"line":349,"column":58},"end":{"line":349,"column":75}}},"57":{"name":"(anonymous_57)","line":354,"loc":{"start":{"line":354,"column":47},"end":{"line":354,"column":61}}},"58":{"name":"(anonymous_58)","line":355,"loc":{"start":{"line":355,"column":58},"end":{"line":355,"column":75}}},"59":{"name":"(anonymous_59)","line":360,"loc":{"start":{"line":360,"column":66},"end":{"line":360,"column":80}}},"60":{"name":"(anonymous_60)","line":364,"loc":{"start":{"line":364,"column":40},"end":{"line":364,"column":57}}},"61":{"name":"(anonymous_61)","line":369,"loc":{"start":{"line":369,"column":49},"end":{"line":369,"column":60}}},"62":{"name":"(anonymous_62)","line":379,"loc":{"start":{"line":379,"column":37},"end":{"line":379,"column":48}}}},"statementMap":{"1":{"start":{"line":1,"column":0},"end":{"line":387,"column":14}},"2":{"start":{"line":2,"column":2},"end":{"line":2,"column":43}},"3":{"start":{"line":4,"column":2},"end":{"line":271,"column":7}},"4":{"start":{"line":5,"column":4},"end":{"line":71,"column":5}},"5":{"start":{"line":6,"column":6},"end":{"line":6,"column":97}},"6":{"start":{"line":7,"column":6},"end":{"line":70,"column":7}},"7":{"start":{"line":8,"column":8},"end":{"line":8,"column":43}},"8":{"start":{"line":9,"column":8},"end":{"line":9,"column":43}},"9":{"start":{"line":10,"column":8},"end":{"line":13,"column":11}},"10":{"start":{"line":14,"column":8},"end":{"line":14,"column":26}},"11":{"start":{"line":15,"column":8},"end":{"line":15,"column":29}},"12":{"start":{"line":16,"column":8},"end":{"line":16,"column":29}},"13":{"start":{"line":17,"column":8},"end":{"line":17,"column":22}},"14":{"start":{"line":18,"column":8},"end":{"line":20,"column":11}},"15":{"start":{"line":19,"column":10},"end":{"line":19,"column":63}},"16":{"start":{"line":21,"column":8},"end":{"line":26,"column":11}},"17":{"start":{"line":22,"column":10},"end":{"line":25,"column":11}},"18":{"start":{"line":23,"column":12},"end":{"line":23,"column":35}},"19":{"start":{"line":24,"column":12},"end":{"line":24,"column":35}},"20":{"start":{"line":28,"column":8},"end":{"line":39,"column":10}},"21":{"start":{"line":40,"column":8},"end":{"line":40,"column":46}},"22":{"start":{"line":41,"column":8},"end":{"line":41,"column":109}},"23":{"start":{"line":42,"column":8},"end":{"line":51,"column":11}},"24":{"start":{"line":43,"column":10},"end":{"line":50,"column":11}},"25":{"start":{"line":45,"column":14},"end":{"line":45,"column":30}},"26":{"start":{"line":47,"column":14},"end":{"line":47,"column":35}},"27":{"start":{"line":49,"column":14},"end":{"line":49,"column":34}},"28":{"start":{"line":52,"column":8},"end":{"line":52,"column":52}},"29":{"start":{"line":53,"column":8},"end":{"line":55,"column":9}},"30":{"start":{"line":54,"column":10},"end":{"line":54,"column":30}},"31":{"start":{"line":56,"column":8},"end":{"line":58,"column":9}},"32":{"start":{"line":57,"column":10},"end":{"line":57,"column":29}},"33":{"start":{"line":59,"column":8},"end":{"line":59,"column":28}},"34":{"start":{"line":60,"column":8},"end":{"line":67,"column":9}},"35":{"start":{"line":61,"column":10},"end":{"line":61,"column":102}},"36":{"start":{"line":62,"column":10},"end":{"line":64,"column":11}},"37":{"start":{"line":63,"column":12},"end":{"line":63,"column":32}},"38":{"start":{"line":66,"column":10},"end":{"line":66,"column":30}},"39":{"start":{"line":68,"column":8},"end":{"line":68,"column":42}},"40":{"start":{"line":69,"column":8},"end":{"line":69,"column":25}},"41":{"start":{"line":73,"column":4},"end":{"line":75,"column":6}},"42":{"start":{"line":74,"column":6},"end":{"line":74,"column":30}},"43":{"start":{"line":77,"column":4},"end":{"line":79,"column":6}},"44":{"start":{"line":78,"column":6},"end":{"line":78,"column":42}},"45":{"start":{"line":81,"column":4},"end":{"line":83,"column":6}},"46":{"start":{"line":82,"column":6},"end":{"line":82,"column":27}},"47":{"start":{"line":85,"column":4},"end":{"line":87,"column":6}},"48":{"start":{"line":86,"column":6},"end":{"line":86,"column":34}},"49":{"start":{"line":89,"column":4},"end":{"line":91,"column":6}},"50":{"start":{"line":90,"column":6},"end":{"line":90,"column":26}},"51":{"start":{"line":93,"column":4},"end":{"line":104,"column":6}},"52":{"start":{"line":94,"column":6},"end":{"line":94,"column":23}},"53":{"start":{"line":95,"column":6},"end":{"line":95,"column":34}},"54":{"start":{"line":96,"column":6},"end":{"line":98,"column":7}},"55":{"start":{"line":97,"column":8},"end":{"line":97,"column":28}},"56":{"start":{"line":99,"column":6},"end":{"line":102,"column":7}},"57":{"start":{"line":100,"column":8},"end":{"line":100,"column":36}},"58":{"start":{"line":101,"column":8},"end":{"line":101,"column":31}},"59":{"start":{"line":103,"column":6},"end":{"line":103,"column":19}},"60":{"start":{"line":106,"column":4},"end":{"line":108,"column":6}},"61":{"start":{"line":107,"column":6},"end":{"line":107,"column":34}},"62":{"start":{"line":110,"column":4},"end":{"line":112,"column":6}},"63":{"start":{"line":111,"column":6},"end":{"line":111,"column":30}},"64":{"start":{"line":114,"column":4},"end":{"line":116,"column":6}},"65":{"start":{"line":115,"column":6},"end":{"line":115,"column":35}},"66":{"start":{"line":118,"column":4},"end":{"line":120,"column":6}},"67":{"start":{"line":119,"column":6},"end":{"line":119,"column":40}},"68":{"start":{"line":122,"column":4},"end":{"line":124,"column":6}},"69":{"start":{"line":123,"column":6},"end":{"line":123,"column":36}},"70":{"start":{"line":126,"column":4},"end":{"line":136,"column":6}},"71":{"start":{"line":127,"column":6},"end":{"line":127,"column":26}},"72":{"start":{"line":128,"column":6},"end":{"line":128,"column":40}},"73":{"start":{"line":129,"column":6},"end":{"line":131,"column":7}},"74":{"start":{"line":130,"column":8},"end":{"line":130,"column":31}},"75":{"start":{"line":132,"column":6},"end":{"line":134,"column":7}},"76":{"start":{"line":133,"column":8},"end":{"line":133,"column":40}},"77":{"start":{"line":135,"column":6},"end":{"line":135,"column":22}},"78":{"start":{"line":138,"column":4},"end":{"line":141,"column":6}},"79":{"start":{"line":139,"column":6},"end":{"line":139,"column":35}},"80":{"start":{"line":140,"column":6},"end":{"line":140,"column":18}},"81":{"start":{"line":143,"column":4},"end":{"line":146,"column":6}},"82":{"start":{"line":144,"column":6},"end":{"line":144,"column":38}},"83":{"start":{"line":145,"column":6},"end":{"line":145,"column":18}},"84":{"start":{"line":148,"column":4},"end":{"line":151,"column":6}},"85":{"start":{"line":149,"column":6},"end":{"line":149,"column":38}},"86":{"start":{"line":150,"column":6},"end":{"line":150,"column":18}},"87":{"start":{"line":153,"column":4},"end":{"line":155,"column":6}},"88":{"start":{"line":154,"column":6},"end":{"line":154,"column":41}},"89":{"start":{"line":157,"column":4},"end":{"line":159,"column":6}},"90":{"start":{"line":158,"column":6},"end":{"line":158,"column":31}},"91":{"start":{"line":161,"column":4},"end":{"line":163,"column":6}},"92":{"start":{"line":162,"column":6},"end":{"line":162,"column":34}},"93":{"start":{"line":165,"column":4},"end":{"line":167,"column":6}},"94":{"start":{"line":166,"column":6},"end":{"line":166,"column":35}},"95":{"start":{"line":169,"column":4},"end":{"line":171,"column":6}},"96":{"start":{"line":170,"column":6},"end":{"line":170,"column":33}},"97":{"start":{"line":173,"column":4},"end":{"line":179,"column":6}},"98":{"start":{"line":174,"column":6},"end":{"line":178,"column":7}},"99":{"start":{"line":175,"column":8},"end":{"line":175,"column":42}},"100":{"start":{"line":177,"column":8},"end":{"line":177,"column":38}},"101":{"start":{"line":181,"column":4},"end":{"line":187,"column":6}},"102":{"start":{"line":182,"column":6},"end":{"line":186,"column":7}},"103":{"start":{"line":183,"column":8},"end":{"line":183,"column":62}},"104":{"start":{"line":185,"column":8},"end":{"line":185,"column":58}},"105":{"start":{"line":189,"column":4},"end":{"line":195,"column":6}},"106":{"start":{"line":190,"column":6},"end":{"line":194,"column":7}},"107":{"start":{"line":191,"column":8},"end":{"line":191,"column":57}},"108":{"start":{"line":193,"column":8},"end":{"line":193,"column":53}},"109":{"start":{"line":197,"column":4},"end":{"line":212,"column":6}},"110":{"start":{"line":198,"column":6},"end":{"line":211,"column":7}},"111":{"start":{"line":199,"column":8},"end":{"line":203,"column":9}},"112":{"start":{"line":200,"column":10},"end":{"line":200,"column":34}},"113":{"start":{"line":202,"column":10},"end":{"line":202,"column":38}},"114":{"start":{"line":204,"column":8},"end":{"line":204,"column":20}},"115":{"start":{"line":206,"column":8},"end":{"line":210,"column":9}},"116":{"start":{"line":207,"column":10},"end":{"line":207,"column":35}},"117":{"start":{"line":209,"column":10},"end":{"line":209,"column":39}},"118":{"start":{"line":214,"column":4},"end":{"line":220,"column":6}},"119":{"start":{"line":215,"column":6},"end":{"line":219,"column":7}},"120":{"start":{"line":216,"column":8},"end":{"line":216,"column":35}},"121":{"start":{"line":218,"column":8},"end":{"line":218,"column":31}},"122":{"start":{"line":222,"column":4},"end":{"line":224,"column":6}},"123":{"start":{"line":223,"column":6},"end":{"line":223,"column":28}},"124":{"start":{"line":226,"column":4},"end":{"line":228,"column":6}},"125":{"start":{"line":227,"column":6},"end":{"line":227,"column":32}},"126":{"start":{"line":230,"column":4},"end":{"line":245,"column":6}},"127":{"start":{"line":231,"column":6},"end":{"line":244,"column":7}},"128":{"start":{"line":232,"column":8},"end":{"line":236,"column":9}},"129":{"start":{"line":233,"column":10},"end":{"line":233,"column":41}},"130":{"start":{"line":235,"column":10},"end":{"line":235,"column":45}},"131":{"start":{"line":237,"column":8},"end":{"line":237,"column":20}},"132":{"start":{"line":239,"column":8},"end":{"line":243,"column":9}},"133":{"start":{"line":240,"column":10},"end":{"line":240,"column":41}},"134":{"start":{"line":242,"column":10},"end":{"line":242,"column":45}},"135":{"start":{"line":247,"column":4},"end":{"line":249,"column":6}},"136":{"start":{"line":248,"column":6},"end":{"line":248,"column":31}},"137":{"start":{"line":251,"column":4},"end":{"line":258,"column":6}},"138":{"start":{"line":252,"column":6},"end":{"line":257,"column":7}},"139":{"start":{"line":253,"column":8},"end":{"line":253,"column":33}},"140":{"start":{"line":254,"column":8},"end":{"line":254,"column":20}},"141":{"start":{"line":256,"column":8},"end":{"line":256,"column":33}},"142":{"start":{"line":260,"column":4},"end":{"line":267,"column":6}},"143":{"start":{"line":261,"column":6},"end":{"line":266,"column":7}},"144":{"start":{"line":262,"column":8},"end":{"line":262,"column":40}},"145":{"start":{"line":263,"column":8},"end":{"line":263,"column":20}},"146":{"start":{"line":265,"column":8},"end":{"line":265,"column":42}},"147":{"start":{"line":269,"column":4},"end":{"line":269,"column":24}},"148":{"start":{"line":273,"column":2},"end":{"line":273,"column":178}},"149":{"start":{"line":275,"column":2},"end":{"line":375,"column":7}},"150":{"start":{"line":276,"column":4},"end":{"line":284,"column":5}},"151":{"start":{"line":277,"column":6},"end":{"line":277,"column":26}},"152":{"start":{"line":278,"column":6},"end":{"line":278,"column":27}},"153":{"start":{"line":279,"column":6},"end":{"line":281,"column":9}},"154":{"start":{"line":280,"column":8},"end":{"line":280,"column":63}},"155":{"start":{"line":282,"column":6},"end":{"line":282,"column":44}},"156":{"start":{"line":283,"column":6},"end":{"line":283,"column":34}},"157":{"start":{"line":286,"column":4},"end":{"line":294,"column":6}},"158":{"start":{"line":287,"column":6},"end":{"line":287,"column":20}},"159":{"start":{"line":288,"column":6},"end":{"line":290,"column":7}},"160":{"start":{"line":289,"column":8},"end":{"line":289,"column":21}},"161":{"start":{"line":291,"column":6},"end":{"line":291,"column":44}},"162":{"start":{"line":292,"column":6},"end":{"line":292,"column":42}},"163":{"start":{"line":293,"column":6},"end":{"line":293,"column":23}},"164":{"start":{"line":296,"column":4},"end":{"line":298,"column":6}},"165":{"start":{"line":297,"column":6},"end":{"line":297,"column":43}},"166":{"start":{"line":300,"column":4},"end":{"line":312,"column":6}},"167":{"start":{"line":301,"column":6},"end":{"line":301,"column":29}},"168":{"start":{"line":302,"column":6},"end":{"line":302,"column":17}},"169":{"start":{"line":303,"column":6},"end":{"line":303,"column":25}},"170":{"start":{"line":304,"column":6},"end":{"line":310,"column":9}},"171":{"start":{"line":305,"column":8},"end":{"line":309,"column":9}},"172":{"start":{"line":306,"column":10},"end":{"line":306,"column":33}},"173":{"start":{"line":308,"column":10},"end":{"line":308,"column":44}},"174":{"start":{"line":311,"column":6},"end":{"line":311,"column":49}},"175":{"start":{"line":314,"column":4},"end":{"line":316,"column":6}},"176":{"start":{"line":315,"column":6},"end":{"line":315,"column":44}},"177":{"start":{"line":318,"column":4},"end":{"line":320,"column":6}},"178":{"start":{"line":319,"column":6},"end":{"line":319,"column":44}},"179":{"start":{"line":322,"column":4},"end":{"line":326,"column":6}},"180":{"start":{"line":323,"column":6},"end":{"line":325,"column":9}},"181":{"start":{"line":324,"column":8},"end":{"line":324,"column":31}},"182":{"start":{"line":328,"column":4},"end":{"line":330,"column":6}},"183":{"start":{"line":329,"column":6},"end":{"line":329,"column":30}},"184":{"start":{"line":332,"column":4},"end":{"line":336,"column":6}},"185":{"start":{"line":333,"column":6},"end":{"line":335,"column":9}},"186":{"start":{"line":334,"column":8},"end":{"line":334,"column":38}},"187":{"start":{"line":338,"column":4},"end":{"line":340,"column":6}},"188":{"start":{"line":339,"column":6},"end":{"line":339,"column":39}},"189":{"start":{"line":342,"column":4},"end":{"line":346,"column":6}},"190":{"start":{"line":343,"column":6},"end":{"line":345,"column":9}},"191":{"start":{"line":344,"column":8},"end":{"line":344,"column":44}},"192":{"start":{"line":348,"column":4},"end":{"line":352,"column":6}},"193":{"start":{"line":349,"column":6},"end":{"line":351,"column":9}},"194":{"start":{"line":350,"column":8},"end":{"line":350,"column":31}},"195":{"start":{"line":354,"column":4},"end":{"line":358,"column":6}},"196":{"start":{"line":355,"column":6},"end":{"line":357,"column":9}},"197":{"start":{"line":356,"column":8},"end":{"line":356,"column":32}},"198":{"start":{"line":360,"column":4},"end":{"line":367,"column":6}},"199":{"start":{"line":361,"column":6},"end":{"line":363,"column":7}},"200":{"start":{"line":362,"column":8},"end":{"line":362,"column":35}},"201":{"start":{"line":364,"column":6},"end":{"line":366,"column":9}},"202":{"start":{"line":365,"column":8},"end":{"line":365,"column":30}},"203":{"start":{"line":369,"column":4},"end":{"line":371,"column":6}},"204":{"start":{"line":370,"column":6},"end":{"line":370,"column":39}},"205":{"start":{"line":373,"column":4},"end":{"line":373,"column":34}},"206":{"start":{"line":377,"column":2},"end":{"line":377,"column":48}},"207":{"start":{"line":379,"column":2},"end":{"line":381,"column":4}},"208":{"start":{"line":380,"column":4},"end":{"line":380,"column":55}},"209":{"start":{"line":383,"column":2},"end":{"line":383,"column":57}},"210":{"start":{"line":385,"column":2},"end":{"line":385,"column":37}}},"branchMap":{"1":{"line":7,"type":"if","locations":[{"start":{"line":7,"column":6},"end":{"line":7,"column":6}},{"start":{"line":7,"column":6},"end":{"line":7,"column":6}}]},"2":{"line":22,"type":"if","locations":[{"start":{"line":22,"column":10},"end":{"line":22,"column":10}},{"start":{"line":22,"column":10},"end":{"line":22,"column":10}}]},"3":{"line":41,"type":"cond-expr","locations":[{"start":{"line":41,"column":40},"end":{"line":41,"column":50}},{"start":{"line":41,"column":53},"end":{"line":41,"column":108}}]},"4":{"line":43,"type":"switch","locations":[{"start":{"line":44,"column":12},"end":{"line":45,"column":30}},{"start":{"line":46,"column":12},"end":{"line":47,"column":35}},{"start":{"line":48,"column":12},"end":{"line":49,"column":34}}]},"5":{"line":53,"type":"if","locations":[{"start":{"line":53,"column":8},"end":{"line":53,"column":8}},{"start":{"line":53,"column":8},"end":{"line":53,"column":8}}]},"6":{"line":56,"type":"if","locations":[{"start":{"line":56,"column":8},"end":{"line":56,"column":8}},{"start":{"line":56,"column":8},"end":{"line":56,"column":8}}]},"7":{"line":56,"type":"binary-expr","locations":[{"start":{"line":56,"column":12},"end":{"line":56,"column":26}},{"start":{"line":56,"column":30},"end":{"line":56,"column":40}},{"start":{"line":56,"column":44},"end":{"line":56,"column":59}},{"start":{"line":56,"column":63},"end":{"line":56,"column":78}},{"start":{"line":56,"column":82},"end":{"line":56,"column":96}}]},"8":{"line":60,"type":"if","locations":[{"start":{"line":60,"column":8},"end":{"line":60,"column":8}},{"start":{"line":60,"column":8},"end":{"line":60,"column":8}}]},"9":{"line":61,"type":"cond-expr","locations":[{"start":{"line":61,"column":61},"end":{"line":61,"column":78}},{"start":{"line":61,"column":81},"end":{"line":61,"column":101}}]},"10":{"line":62,"type":"if","locations":[{"start":{"line":62,"column":10},"end":{"line":62,"column":10}},{"start":{"line":62,"column":10},"end":{"line":62,"column":10}}]},"11":{"line":96,"type":"if","locations":[{"start":{"line":96,"column":6},"end":{"line":96,"column":6}},{"start":{"line":96,"column":6},"end":{"line":96,"column":6}}]},"12":{"line":96,"type":"binary-expr","locations":[{"start":{"line":96,"column":10},"end":{"line":96,"column":25}},{"start":{"line":96,"column":30},"end":{"line":96,"column":43}}]},"13":{"line":99,"type":"if","locations":[{"start":{"line":99,"column":6},"end":{"line":99,"column":6}},{"start":{"line":99,"column":6},"end":{"line":99,"column":6}}]},"14":{"line":129,"type":"if","locations":[{"start":{"line":129,"column":6},"end":{"line":129,"column":6}},{"start":{"line":129,"column":6},"end":{"line":129,"column":6}}]},"15":{"line":132,"type":"if","locations":[{"start":{"line":132,"column":6},"end":{"line":132,"column":6}},{"start":{"line":132,"column":6},"end":{"line":132,"column":6}}]},"16":{"line":174,"type":"if","locations":[{"start":{"line":174,"column":6},"end":{"line":174,"column":6}},{"start":{"line":174,"column":6},"end":{"line":174,"column":6}}]},"17":{"line":174,"type":"binary-expr","locations":[{"start":{"line":174,"column":10},"end":{"line":174,"column":21}},{"start":{"line":174,"column":25},"end":{"line":174,"column":46}}]},"18":{"line":182,"type":"if","locations":[{"start":{"line":182,"column":6},"end":{"line":182,"column":6}},{"start":{"line":182,"column":6},"end":{"line":182,"column":6}}]},"19":{"line":182,"type":"binary-expr","locations":[{"start":{"line":182,"column":10},"end":{"line":182,"column":21}},{"start":{"line":182,"column":25},"end":{"line":182,"column":46}}]},"20":{"line":190,"type":"if","locations":[{"start":{"line":190,"column":6},"end":{"line":190,"column":6}},{"start":{"line":190,"column":6},"end":{"line":190,"column":6}}]},"21":{"line":190,"type":"binary-expr","locations":[{"start":{"line":190,"column":10},"end":{"line":190,"column":21}},{"start":{"line":190,"column":25},"end":{"line":190,"column":46}}]},"22":{"line":198,"type":"if","locations":[{"start":{"line":198,"column":6},"end":{"line":198,"column":6}},{"start":{"line":198,"column":6},"end":{"line":198,"column":6}}]},"23":{"line":199,"type":"if","locations":[{"start":{"line":199,"column":8},"end":{"line":199,"column":8}},{"start":{"line":199,"column":8},"end":{"line":199,"column":8}}]},"24":{"line":206,"type":"if","locations":[{"start":{"line":206,"column":8},"end":{"line":206,"column":8}},{"start":{"line":206,"column":8},"end":{"line":206,"column":8}}]},"25":{"line":215,"type":"if","locations":[{"start":{"line":215,"column":6},"end":{"line":215,"column":6}},{"start":{"line":215,"column":6},"end":{"line":215,"column":6}}]},"26":{"line":231,"type":"if","locations":[{"start":{"line":231,"column":6},"end":{"line":231,"column":6}},{"start":{"line":231,"column":6},"end":{"line":231,"column":6}}]},"27":{"line":232,"type":"if","locations":[{"start":{"line":232,"column":8},"end":{"line":232,"column":8}},{"start":{"line":232,"column":8},"end":{"line":232,"column":8}}]},"28":{"line":239,"type":"if","locations":[{"start":{"line":239,"column":8},"end":{"line":239,"column":8}},{"start":{"line":239,"column":8},"end":{"line":239,"column":8}}]},"29":{"line":252,"type":"if","locations":[{"start":{"line":252,"column":6},"end":{"line":252,"column":6}},{"start":{"line":252,"column":6},"end":{"line":252,"column":6}}]},"30":{"line":252,"type":"binary-expr","locations":[{"start":{"line":252,"column":11},"end":{"line":252,"column":24}},{"start":{"line":252,"column":29},"end":{"line":252,"column":52}}]},"31":{"line":261,"type":"if","locations":[{"start":{"line":261,"column":6},"end":{"line":261,"column":6}},{"start":{"line":261,"column":6},"end":{"line":261,"column":6}}]},"32":{"line":288,"type":"if","locations":[{"start":{"line":288,"column":6},"end":{"line":288,"column":6}},{"start":{"line":288,"column":6},"end":{"line":288,"column":6}}]},"33":{"line":305,"type":"if","locations":[{"start":{"line":305,"column":8},"end":{"line":305,"column":8}},{"start":{"line":305,"column":8},"end":{"line":305,"column":8}}]},"34":{"line":305,"type":"binary-expr","locations":[{"start":{"line":305,"column":13},"end":{"line":305,"column":24}},{"start":{"line":305,"column":29},"end":{"line":305,"column":43}}]},"35":{"line":361,"type":"if","locations":[{"start":{"line":361,"column":6},"end":{"line":361,"column":6}},{"start":{"line":361,"column":6},"end":{"line":361,"column":6}}]}}}}